::1 - - [Wed, 03 Aug 2016 08:30:38 GMT] "GET / HTTP/1.1" 200 895 "http://localhost:5678/" "Mozilla/5.0 (Macintosh; Intel Mac OS X 10_10_3) AppleWebKit/537.36 (KHTML, like Gecko) Chrome/51.0.2704.103 Safari/537.36"
::1 - - [Wed, 03 Aug 2016 08:30:42 GMT] "GET /login HTTP/1.1" 200 1253 "http://localhost:5678/" "Mozilla/5.0 (Macintosh; Intel Mac OS X 10_10_3) AppleWebKit/537.36 (KHTML, like Gecko) Chrome/51.0.2704.103 Safari/537.36"
::1 - - [Wed, 03 Aug 2016 08:31:10 GMT] "POST /login HTTP/1.1" 302 46 "http://localhost:5678/login" "Mozilla/5.0 (Macintosh; Intel Mac OS X 10_10_3) AppleWebKit/537.36 (KHTML, like Gecko) Chrome/51.0.2704.103 Safari/537.36"
::1 - - [Wed, 03 Aug 2016 08:31:10 GMT] "GET / HTTP/1.1" 200 991 "http://localhost:5678/login" "Mozilla/5.0 (Macintosh; Intel Mac OS X 10_10_3) AppleWebKit/537.36 (KHTML, like Gecko) Chrome/51.0.2704.103 Safari/537.36"
::1 - - [Wed, 03 Aug 2016 08:31:14 GMT] "GET /post HTTP/1.1" 200 1426 "http://localhost:5678/" "Mozilla/5.0 (Macintosh; Intel Mac OS X 10_10_3) AppleWebKit/537.36 (KHTML, like Gecko) Chrome/51.0.2704.103 Safari/537.36"
::1 - - [Wed, 03 Aug 2016 08:31:39 GMT] "POST /post HTTP/1.1" 302 46 "http://localhost:5678/post" "Mozilla/5.0 (Macintosh; Intel Mac OS X 10_10_3) AppleWebKit/537.36 (KHTML, like Gecko) Chrome/51.0.2704.103 Safari/537.36"
::1 - - [Wed, 03 Aug 2016 08:31:39 GMT] "GET / HTTP/1.1" 200 1529 "http://localhost:5678/post" "Mozilla/5.0 (Macintosh; Intel Mac OS X 10_10_3) AppleWebKit/537.36 (KHTML, like Gecko) Chrome/51.0.2704.103 Safari/537.36"
::1 - - [Wed, 03 Aug 2016 08:31:56 GMT] "GET /blog/test/2016-8-3/%E5%91%A8%E4%B8%89%E4%B8%8B%E5%8D%88 HTTP/1.1" 200 2015 "http://localhost:5678/" "Mozilla/5.0 (Macintosh; Intel Mac OS X 10_10_3) AppleWebKit/537.36 (KHTML, like Gecko) Chrome/51.0.2704.103 Safari/537.36"
::1 - - [Wed, 03 Aug 2016 08:40:23 GMT] "POST /blog/test/2016-8-3/%E5%91%A8%E4%B8%89%E4%B8%8B%E5%8D%88 HTTP/1.1" 500 - "http://localhost:5678/blog/test/2016-8-3/%E5%91%A8%E4%B8%89%E4%B8%8B%E5%8D%88" "Mozilla/5.0 (Macintosh; Intel Mac OS X 10_10_3) AppleWebKit/537.36 (KHTML, like Gecko) Chrome/51.0.2704.103 Safari/537.36"
::1 - - [Wed, 03 Aug 2016 08:43:22 GMT] "POST /blog/test/2016-8-3/%E5%91%A8%E4%B8%89%E4%B8%8B%E5%8D%88 HTTP/1.1" 302 198 "http://localhost:5678/blog/test/2016-8-3/%E5%91%A8%E4%B8%89%E4%B8%8B%E5%8D%88" "Mozilla/5.0 (Macintosh; Intel Mac OS X 10_10_3) AppleWebKit/537.36 (KHTML, like Gecko) Chrome/51.0.2704.103 Safari/537.36"
::1 - - [Wed, 03 Aug 2016 08:43:22 GMT] "GET /blog/test/2016-8-3/%E5%91%A8%E4%B8%89%E4%B8%8B%E5%8D%88 HTTP/1.1" 200 2045 "http://localhost:5678/blog/test/2016-8-3/%E5%91%A8%E4%B8%89%E4%B8%8B%E5%8D%88" "Mozilla/5.0 (Macintosh; Intel Mac OS X 10_10_3) AppleWebKit/537.36 (KHTML, like Gecko) Chrome/51.0.2704.103 Safari/537.36"
::1 - - [Wed, 03 Aug 2016 09:21:46 GMT] "GET /blog/test/2016-8-3/%E5%91%A8%E4%B8%89%E4%B8%8B%E5%8D%88 HTTP/1.1" 200 2013 "http://localhost:5678/blog/test/2016-8-3/%E5%91%A8%E4%B8%89%E4%B8%8B%E5%8D%88" "Mozilla/5.0 (Macintosh; Intel Mac OS X 10_10_3) AppleWebKit/537.36 (KHTML, like Gecko) Chrome/51.0.2704.103 Safari/537.36"
::1 - - [Wed, 03 Aug 2016 09:21:57 GMT] "POST /blog/test/2016-8-3/%E5%91%A8%E4%B8%89%E4%B8%8B%E5%8D%88 HTTP/1.1" 302 198 "http://localhost:5678/blog/test/2016-8-3/%E5%91%A8%E4%B8%89%E4%B8%8B%E5%8D%88" "Mozilla/5.0 (Macintosh; Intel Mac OS X 10_10_3) AppleWebKit/537.36 (KHTML, like Gecko) Chrome/51.0.2704.103 Safari/537.36"
::1 - - [Wed, 03 Aug 2016 09:21:57 GMT] "GET /blog/test/2016-8-3/%E5%91%A8%E4%B8%89%E4%B8%8B%E5%8D%88 HTTP/1.1" 200 2043 "http://localhost:5678/blog/test/2016-8-3/%E5%91%A8%E4%B8%89%E4%B8%8B%E5%8D%88" "Mozilla/5.0 (Macintosh; Intel Mac OS X 10_10_3) AppleWebKit/537.36 (KHTML, like Gecko) Chrome/51.0.2704.103 Safari/537.36"
::1 - - [Wed, 03 Aug 2016 09:22:09 GMT] "GET /edit/test/2016-8-3/%E5%91%A8%E4%B8%89%E4%B8%8B%E5%8D%88 HTTP/1.1" 200 1467 "http://localhost:5678/blog/test/2016-8-3/%E5%91%A8%E4%B8%89%E4%B8%8B%E5%8D%88" "Mozilla/5.0 (Macintosh; Intel Mac OS X 10_10_3) AppleWebKit/537.36 (KHTML, like Gecko) Chrome/51.0.2704.103 Safari/537.36"
::1 - - [Wed, 03 Aug 2016 09:22:15 GMT] "POST /edit/test/2016-8-3/%E5%91%A8%E4%B8%89%E4%B8%8B%E5%8D%88 HTTP/1.1" 302 156 "http://localhost:5678/edit/test/2016-8-3/%E5%91%A8%E4%B8%89%E4%B8%8B%E5%8D%88" "Mozilla/5.0 (Macintosh; Intel Mac OS X 10_10_3) AppleWebKit/537.36 (KHTML, like Gecko) Chrome/51.0.2704.103 Safari/537.36"
::1 - - [Wed, 03 Aug 2016 09:22:15 GMT] "GET /blog/test/2016-8-3/%E5%91%A8%E4%B8%89%E4%B8%8B%E5%8D%88 HTTP/1.1" 200 2044 "http://localhost:5678/edit/test/2016-8-3/%E5%91%A8%E4%B8%89%E4%B8%8B%E5%8D%88" "Mozilla/5.0 (Macintosh; Intel Mac OS X 10_10_3) AppleWebKit/537.36 (KHTML, like Gecko) Chrome/51.0.2704.103 Safari/537.36"
::1 - - [Wed, 03 Aug 2016 09:22:20 GMT] "GET /blog/test/2016-8-3/%E5%91%A8%E4%B8%89%E4%B8%8B%E5%8D%88 HTTP/1.1" 200 2016 "http://localhost:5678/edit/test/2016-8-3/%E5%91%A8%E4%B8%89%E4%B8%8B%E5%8D%88" "Mozilla/5.0 (Macintosh; Intel Mac OS X 10_10_3) AppleWebKit/537.36 (KHTML, like Gecko) Chrome/51.0.2704.103 Safari/537.36"
::1 - - [Wed, 03 Aug 2016 09:30:18 GMT] "GET /blog/test/2016-8-3/%E5%91%A8%E4%B8%89%E4%B8%8B%E5%8D%88 HTTP/1.1" 200 2016 "http://localhost:5678/edit/test/2016-8-3/%E5%91%A8%E4%B8%89%E4%B8%8B%E5%8D%88" "Mozilla/5.0 (Macintosh; Intel Mac OS X 10_10_3) AppleWebKit/537.36 (KHTML, like Gecko) Chrome/51.0.2704.103 Safari/537.36"
::1 - - [Wed, 03 Aug 2016 09:30:28 GMT] "POST /blog/test/2016-8-3/%E5%91%A8%E4%B8%89%E4%B8%8B%E5%8D%88 HTTP/1.1" 302 198 "http://localhost:5678/blog/test/2016-8-3/%E5%91%A8%E4%B8%89%E4%B8%8B%E5%8D%88" "Mozilla/5.0 (Macintosh; Intel Mac OS X 10_10_3) AppleWebKit/537.36 (KHTML, like Gecko) Chrome/51.0.2704.103 Safari/537.36"
::1 - - [Wed, 03 Aug 2016 09:30:28 GMT] "GET /blog/test/2016-8-3/%E5%91%A8%E4%B8%89%E4%B8%8B%E5%8D%88 HTTP/1.1" 200 2046 "http://localhost:5678/blog/test/2016-8-3/%E5%91%A8%E4%B8%89%E4%B8%8B%E5%8D%88" "Mozilla/5.0 (Macintosh; Intel Mac OS X 10_10_3) AppleWebKit/537.36 (KHTML, like Gecko) Chrome/51.0.2704.103 Safari/537.36"
::1 - - [Wed, 03 Aug 2016 09:35:19 GMT] "GET /blog/test/2016-8-3/%E5%91%A8%E4%B8%89%E4%B8%8B%E5%8D%88 HTTP/1.1" 200 2016 "http://localhost:5678/blog/test/2016-8-3/%E5%91%A8%E4%B8%89%E4%B8%8B%E5%8D%88" "Mozilla/5.0 (Macintosh; Intel Mac OS X 10_10_3) AppleWebKit/537.36 (KHTML, like Gecko) Chrome/51.0.2704.103 Safari/537.36"
::1 - - [Wed, 03 Aug 2016 09:35:28 GMT] "GET / HTTP/1.1" 200 1497 "http://localhost:5678/blog/test/2016-8-3/%E5%91%A8%E4%B8%89%E4%B8%8B%E5%8D%88" "Mozilla/5.0 (Macintosh; Intel Mac OS X 10_10_3) AppleWebKit/537.36 (KHTML, like Gecko) Chrome/51.0.2704.103 Safari/537.36"
::1 - - [Wed, 03 Aug 2016 09:35:33 GMT] "GET /tags/%E4%B8%A4%E4%B8%AA HTTP/1.1" 200 1101 "http://localhost:5678/" "Mozilla/5.0 (Macintosh; Intel Mac OS X 10_10_3) AppleWebKit/537.36 (KHTML, like Gecko) Chrome/51.0.2704.103 Safari/537.36"
::1 - - [Wed, 03 Aug 2016 09:35:35 GMT] "GET / HTTP/1.1" 304 - "http://localhost:5678/tags/%E4%B8%A4%E4%B8%AA" "Mozilla/5.0 (Macintosh; Intel Mac OS X 10_10_3) AppleWebKit/537.36 (KHTML, like Gecko) Chrome/51.0.2704.103 Safari/537.36"
::1 - - [Wed, 03 Aug 2016 09:51:25 GMT] "GET /blog/test/2016-8-3/%E5%91%A8%E4%B8%89%E4%B8%8B%E5%8D%88 HTTP/1.1" 200 2016 "http://localhost:5678/" "Mozilla/5.0 (Macintosh; Intel Mac OS X 10_10_3) AppleWebKit/537.36 (KHTML, like Gecko) Chrome/51.0.2704.103 Safari/537.36"
::1 - - [Wed, 03 Aug 2016 10:11:31 GMT] "GET /blog/test/2016-8-3/%E5%91%A8%E4%B8%89%E4%B8%8B%E5%8D%88 HTTP/1.1" 200 2019 "http://localhost:5678/" "Mozilla/5.0 (Macintosh; Intel Mac OS X 10_10_3) AppleWebKit/537.36 (KHTML, like Gecko) Chrome/51.0.2704.103 Safari/537.36"
::1 - - [Thu, 04 Aug 2016 01:30:30 GMT] "GET / HTTP/1.1" 200 1435 "-" "Mozilla/5.0 (Macintosh; Intel Mac OS X 10_10_3) AppleWebKit/537.36 (KHTML, like Gecko) Chrome/51.0.2704.103 Safari/537.36"
::1 - - [Thu, 04 Aug 2016 01:35:44 GMT] "GET / HTTP/1.1" 304 - "-" "Mozilla/5.0 (Macintosh; Intel Mac OS X 10_10_3) AppleWebKit/537.36 (KHTML, like Gecko) Chrome/51.0.2704.103 Safari/537.36"
::1 - - [Thu, 04 Aug 2016 01:36:02 GMT] "GET /blog/test/2016-8-3/%E5%91%A8%E4%B8%89%E4%B8%8B%E5%8D%88 HTTP/1.1" 200 1742 "-" "Mozilla/5.0 (Macintosh; Intel Mac OS X 10_10_3) AppleWebKit/537.36 (KHTML, like Gecko) Chrome/51.0.2704.103 Safari/537.36"
::1 - - [Thu, 04 Aug 2016 01:36:12 GMT] "GET /login HTTP/1.1" 200 1253 "http://localhost:5678/blog/test/2016-8-3/%E5%91%A8%E4%B8%89%E4%B8%8B%E5%8D%88" "Mozilla/5.0 (Macintosh; Intel Mac OS X 10_10_3) AppleWebKit/537.36 (KHTML, like Gecko) Chrome/51.0.2704.103 Safari/537.36"
::1 - - [Thu, 04 Aug 2016 01:36:59 GMT] "POST /login HTTP/1.1" 302 46 "http://localhost:5678/login" "Mozilla/5.0 (Macintosh; Intel Mac OS X 10_10_3) AppleWebKit/537.36 (KHTML, like Gecko) Chrome/51.0.2704.103 Safari/537.36"
::1 - - [Thu, 04 Aug 2016 01:36:59 GMT] "GET / HTTP/1.1" 200 1531 "http://localhost:5678/login" "Mozilla/5.0 (Macintosh; Intel Mac OS X 10_10_3) AppleWebKit/537.36 (KHTML, like Gecko) Chrome/51.0.2704.103 Safari/537.36"
::1 - - [Thu, 04 Aug 2016 01:37:02 GMT] "GET /blog/test/2016-8-3/%E5%91%A8%E4%B8%89%E4%B8%8B%E5%8D%88 HTTP/1.1" 200 1963 "http://localhost:5678/" "Mozilla/5.0 (Macintosh; Intel Mac OS X 10_10_3) AppleWebKit/537.36 (KHTML, like Gecko) Chrome/51.0.2704.103 Safari/537.36"
::1 - - [Thu, 04 Aug 2016 01:37:26 GMT] "POST /blog/test/2016-8-3/%E5%91%A8%E4%B8%89%E4%B8%8B%E5%8D%88 HTTP/1.1" 302 198 "http://localhost:5678/blog/test/2016-8-3/%E5%91%A8%E4%B8%89%E4%B8%8B%E5%8D%88" "Mozilla/5.0 (Macintosh; Intel Mac OS X 10_10_3) AppleWebKit/537.36 (KHTML, like Gecko) Chrome/51.0.2704.103 Safari/537.36"
::1 - - [Thu, 04 Aug 2016 01:37:26 GMT] "GET /blog/test/2016-8-3/%E5%91%A8%E4%B8%89%E4%B8%8B%E5%8D%88 HTTP/1.1" 200 1993 "http://localhost:5678/blog/test/2016-8-3/%E5%91%A8%E4%B8%89%E4%B8%8B%E5%8D%88" "Mozilla/5.0 (Macintosh; Intel Mac OS X 10_10_3) AppleWebKit/537.36 (KHTML, like Gecko) Chrome/51.0.2704.103 Safari/537.36"
::1 - - [Thu, 04 Aug 2016 01:37:42 GMT] "GET /reprint/test/2016-8-3/%E5%91%A8%E4%B8%89%E4%B8%8B%E5%8D%88 HTTP/1.1" 302 222 "http://localhost:5678/blog/test/2016-8-3/%E5%91%A8%E4%B8%89%E4%B8%8B%E5%8D%88" "Mozilla/5.0 (Macintosh; Intel Mac OS X 10_10_3) AppleWebKit/537.36 (KHTML, like Gecko) Chrome/51.0.2704.103 Safari/537.36"
::1 - - [Thu, 04 Aug 2016 01:37:42 GMT] "GET /blog/woyouhuilaile/2016-8-4/%5B%E8%BD%AC%E8%BD%BD%5D%E5%91%A8%E4%B8%89%E4%B8%8B%E5%8D%88 HTTP/1.1" 200 2232 "http://localhost:5678/blog/test/2016-8-3/%E5%91%A8%E4%B8%89%E4%B8%8B%E5%8D%88" "Mozilla/5.0 (Macintosh; Intel Mac OS X 10_10_3) AppleWebKit/537.36 (KHTML, like Gecko) Chrome/51.0.2704.103 Safari/537.36"
::1 - - [Thu, 04 Aug 2016 01:37:47 GMT] "GET /blog/test/2016-8-3/%E5%91%A8%E4%B8%89%E4%B8%8B%E5%8D%88 HTTP/1.1" 200 1963 "http://localhost:5678/blog/woyouhuilaile/2016-8-4/%5B%E8%BD%AC%E8%BD%BD%5D%E5%91%A8%E4%B8%89%E4%B8%8B%E5%8D%88" "Mozilla/5.0 (Macintosh; Intel Mac OS X 10_10_3) AppleWebKit/537.36 (KHTML, like Gecko) Chrome/51.0.2704.103 Safari/537.36"
::1 - - [Thu, 04 Aug 2016 01:39:48 GMT] "GET /blog/test/2016-8-3/%E5%91%A8%E4%B8%89%E4%B8%8B%E5%8D%88 HTTP/1.1" 200 1963 "http://localhost:5678/blog/woyouhuilaile/2016-8-4/%5B%E8%BD%AC%E8%BD%BD%5D%E5%91%A8%E4%B8%89%E4%B8%8B%E5%8D%88" "Mozilla/5.0 (Macintosh; Intel Mac OS X 10_10_3) AppleWebKit/537.36 (KHTML, like Gecko) Chrome/51.0.2704.103 Safari/537.36"
::1 - - [Thu, 04 Aug 2016 01:39:56 GMT] "GET /reprint/test/2016-8-3/%E5%91%A8%E4%B8%89%E4%B8%8B%E5%8D%88 HTTP/1.1" 302 222 "http://localhost:5678/blog/test/2016-8-3/%E5%91%A8%E4%B8%89%E4%B8%8B%E5%8D%88" "Mozilla/5.0 (Macintosh; Intel Mac OS X 10_10_3) AppleWebKit/537.36 (KHTML, like Gecko) Chrome/51.0.2704.103 Safari/537.36"
::1 - - [Thu, 04 Aug 2016 01:39:56 GMT] "GET /blog/woyouhuilaile/2016-8-4/%5B%E8%BD%AC%E8%BD%BD%5D%E5%91%A8%E4%B8%89%E4%B8%8B%E5%8D%88 HTTP/1.1" 200 2232 "http://localhost:5678/blog/test/2016-8-3/%E5%91%A8%E4%B8%89%E4%B8%8B%E5%8D%88" "Mozilla/5.0 (Macintosh; Intel Mac OS X 10_10_3) AppleWebKit/537.36 (KHTML, like Gecko) Chrome/51.0.2704.103 Safari/537.36"
::1 - - [Thu, 04 Aug 2016 01:39:59 GMT] "GET /blog/test/2016-8-3/%E5%91%A8%E4%B8%89%E4%B8%8B%E5%8D%88 HTTP/1.1" 200 1963 "http://localhost:5678/blog/woyouhuilaile/2016-8-4/%5B%E8%BD%AC%E8%BD%BD%5D%E5%91%A8%E4%B8%89%E4%B8%8B%E5%8D%88" "Mozilla/5.0 (Macintosh; Intel Mac OS X 10_10_3) AppleWebKit/537.36 (KHTML, like Gecko) Chrome/51.0.2704.103 Safari/537.36"
::1 - - [Thu, 04 Aug 2016 01:40:12 GMT] "GET /blog/test/2016-8-3/%E5%91%A8%E4%B8%89%E4%B8%8B%E5%8D%88 HTTP/1.1" 200 1963 "http://localhost:5678/blog/woyouhuilaile/2016-8-4/%5B%E8%BD%AC%E8%BD%BD%5D%E5%91%A8%E4%B8%89%E4%B8%8B%E5%8D%88" "Mozilla/5.0 (Macintosh; Intel Mac OS X 10_10_3) AppleWebKit/537.36 (KHTML, like Gecko) Chrome/51.0.2704.103 Safari/537.36"
::1 - - [Thu, 04 Aug 2016 01:49:01 GMT] "GET /blog/test/2016-8-3/%E5%91%A8%E4%B8%89%E4%B8%8B%E5%8D%88 HTTP/1.1" 200 1963 "http://localhost:5678/blog/woyouhuilaile/2016-8-4/%5B%E8%BD%AC%E8%BD%BD%5D%E5%91%A8%E4%B8%89%E4%B8%8B%E5%8D%88" "Mozilla/5.0 (Macintosh; Intel Mac OS X 10_10_3) AppleWebKit/537.36 (KHTML, like Gecko) Chrome/51.0.2704.103 Safari/537.36"
::1 - - [Thu, 04 Aug 2016 01:49:04 GMT] "GET /blog/test/2016-8-3/%E5%91%A8%E4%B8%89%E4%B8%8B%E5%8D%88 HTTP/1.1" 200 1963 "http://localhost:5678/blog/woyouhuilaile/2016-8-4/%5B%E8%BD%AC%E8%BD%BD%5D%E5%91%A8%E4%B8%89%E4%B8%8B%E5%8D%88" "Mozilla/5.0 (Macintosh; Intel Mac OS X 10_10_3) AppleWebKit/537.36 (KHTML, like Gecko) Chrome/51.0.2704.103 Safari/537.36"
::1 - - [Thu, 04 Aug 2016 01:55:56 GMT] "GET / HTTP/1.1" 200 963 "-" "Mozilla/5.0 (Macintosh; Intel Mac OS X 10_10_3) AppleWebKit/537.36 (KHTML, like Gecko) Chrome/51.0.2704.103 Safari/537.36"
::1 - - [Thu, 04 Aug 2016 01:56:00 GMT] "GET /post HTTP/1.1" 200 1426 "http://localhost:5678/" "Mozilla/5.0 (Macintosh; Intel Mac OS X 10_10_3) AppleWebKit/537.36 (KHTML, like Gecko) Chrome/51.0.2704.103 Safari/537.36"
::1 - - [Thu, 04 Aug 2016 01:56:52 GMT] "POST /post HTTP/1.1" 302 46 "http://localhost:5678/post" "Mozilla/5.0 (Macintosh; Intel Mac OS X 10_10_3) AppleWebKit/537.36 (KHTML, like Gecko) Chrome/51.0.2704.103 Safari/537.36"
::1 - - [Thu, 04 Aug 2016 01:56:52 GMT] "GET / HTTP/1.1" 200 1576 "http://localhost:5678/post" "Mozilla/5.0 (Macintosh; Intel Mac OS X 10_10_3) AppleWebKit/537.36 (KHTML, like Gecko) Chrome/51.0.2704.103 Safari/537.36"
::1 - - [Thu, 04 Aug 2016 01:57:33 GMT] "GET /blog/woyouhuilaile HTTP/1.1" 200 1698 "http://localhost:5678/" "Mozilla/5.0 (Macintosh; Intel Mac OS X 10_10_3) AppleWebKit/537.36 (KHTML, like Gecko) Chrome/51.0.2704.103 Safari/537.36"
::1 - - [Thu, 04 Aug 2016 01:57:38 GMT] "GET / HTTP/1.1" 200 1546 "http://localhost:5678/post" "Mozilla/5.0 (Macintosh; Intel Mac OS X 10_10_3) AppleWebKit/537.36 (KHTML, like Gecko) Chrome/51.0.2704.103 Safari/537.36"
::1 - - [Thu, 04 Aug 2016 01:57:40 GMT] "GET /blog/woyouhuilaile/2016-8-4/%E4%BB%8A%E5%A4%A9%E5%91%A8%E5%9B%9B HTTP/1.1" 200 2089 "http://localhost:5678/" "Mozilla/5.0 (Macintosh; Intel Mac OS X 10_10_3) AppleWebKit/537.36 (KHTML, like Gecko) Chrome/51.0.2704.103 Safari/537.36"
::1 - - [Thu, 04 Aug 2016 01:57:54 GMT] "POST /blog/woyouhuilaile/2016-8-4/%E4%BB%8A%E5%A4%A9%E5%91%A8%E5%9B%9B HTTP/1.1" 302 216 "http://localhost:5678/blog/woyouhuilaile/2016-8-4/%E4%BB%8A%E5%A4%A9%E5%91%A8%E5%9B%9B" "Mozilla/5.0 (Macintosh; Intel Mac OS X 10_10_3) AppleWebKit/537.36 (KHTML, like Gecko) Chrome/51.0.2704.103 Safari/537.36"
::1 - - [Thu, 04 Aug 2016 01:57:54 GMT] "GET /blog/woyouhuilaile/2016-8-4/%E4%BB%8A%E5%A4%A9%E5%91%A8%E5%9B%9B HTTP/1.1" 200 2119 "http://localhost:5678/blog/woyouhuilaile/2016-8-4/%E4%BB%8A%E5%A4%A9%E5%91%A8%E5%9B%9B" "Mozilla/5.0 (Macintosh; Intel Mac OS X 10_10_3) AppleWebKit/537.36 (KHTML, like Gecko) Chrome/51.0.2704.103 Safari/537.36"
::1 - - [Thu, 04 Aug 2016 02:18:44 GMT] "GET /blog/woyouhuilaile/2016-8-4/%E4%BB%8A%E5%A4%A9%E5%91%A8%E5%9B%9B HTTP/1.1" 200 2089 "http://localhost:5678/blog/woyouhuilaile/2016-8-4/%E4%BB%8A%E5%A4%A9%E5%91%A8%E5%9B%9B" "Mozilla/5.0 (Macintosh; Intel Mac OS X 10_10_3) AppleWebKit/537.36 (KHTML, like Gecko) Chrome/51.0.2704.103 Safari/537.36"
::1 - - [Thu, 04 Aug 2016 02:18:53 GMT] "POST /blog/woyouhuilaile/2016-8-4/%E4%BB%8A%E5%A4%A9%E5%91%A8%E5%9B%9B HTTP/1.1" 302 216 "http://localhost:5678/blog/woyouhuilaile/2016-8-4/%E4%BB%8A%E5%A4%A9%E5%91%A8%E5%9B%9B" "Mozilla/5.0 (Macintosh; Intel Mac OS X 10_10_3) AppleWebKit/537.36 (KHTML, like Gecko) Chrome/51.0.2704.103 Safari/537.36"
::1 - - [Thu, 04 Aug 2016 02:18:53 GMT] "GET /blog/woyouhuilaile/2016-8-4/%E4%BB%8A%E5%A4%A9%E5%91%A8%E5%9B%9B HTTP/1.1" 200 2119 "http://localhost:5678/blog/woyouhuilaile/2016-8-4/%E4%BB%8A%E5%A4%A9%E5%91%A8%E5%9B%9B" "Mozilla/5.0 (Macintosh; Intel Mac OS X 10_10_3) AppleWebKit/537.36 (KHTML, like Gecko) Chrome/51.0.2704.103 Safari/537.36"
::1 - - [Thu, 04 Aug 2016 02:19:28 GMT] "GET /blog/woyouhuilaile/2016-8-4/%E4%BB%8A%E5%A4%A9%E5%91%A8%E5%9B%9B HTTP/1.1" 200 2089 "http://localhost:5678/blog/woyouhuilaile/2016-8-4/%E4%BB%8A%E5%A4%A9%E5%91%A8%E5%9B%9B" "Mozilla/5.0 (Macintosh; Intel Mac OS X 10_10_3) AppleWebKit/537.36 (KHTML, like Gecko) Chrome/51.0.2704.103 Safari/537.36"
::1 - - [Thu, 04 Aug 2016 02:19:40 GMT] "POST /blog/woyouhuilaile/2016-8-4/%E4%BB%8A%E5%A4%A9%E5%91%A8%E5%9B%9B HTTP/1.1" 302 216 "http://localhost:5678/blog/woyouhuilaile/2016-8-4/%E4%BB%8A%E5%A4%A9%E5%91%A8%E5%9B%9B" "Mozilla/5.0 (Macintosh; Intel Mac OS X 10_10_3) AppleWebKit/537.36 (KHTML, like Gecko) Chrome/51.0.2704.103 Safari/537.36"
::1 - - [Thu, 04 Aug 2016 02:19:40 GMT] "GET /blog/woyouhuilaile/2016-8-4/%E4%BB%8A%E5%A4%A9%E5%91%A8%E5%9B%9B HTTP/1.1" 200 2119 "http://localhost:5678/blog/woyouhuilaile/2016-8-4/%E4%BB%8A%E5%A4%A9%E5%91%A8%E5%9B%9B" "Mozilla/5.0 (Macintosh; Intel Mac OS X 10_10_3) AppleWebKit/537.36 (KHTML, like Gecko) Chrome/51.0.2704.103 Safari/537.36"
::1 - - [Thu, 04 Aug 2016 03:00:29 GMT] "GET /blog/woyouhuilaile/2016-8-4/%E4%BB%8A%E5%A4%A9%E5%91%A8%E5%9B%9B HTTP/1.1" 200 2089 "-" "Mozilla/5.0 (Macintosh; Intel Mac OS X 10_10_3) AppleWebKit/537.36 (KHTML, like Gecko) Chrome/51.0.2704.103 Safari/537.36"
::1 - - [Thu, 04 Aug 2016 03:00:42 GMT] "POST /blog/woyouhuilaile/2016-8-4/%E4%BB%8A%E5%A4%A9%E5%91%A8%E5%9B%9B HTTP/1.1" 500 - "http://localhost:5678/blog/woyouhuilaile/2016-8-4/%E4%BB%8A%E5%A4%A9%E5%91%A8%E5%9B%9B" "Mozilla/5.0 (Macintosh; Intel Mac OS X 10_10_3) AppleWebKit/537.36 (KHTML, like Gecko) Chrome/51.0.2704.103 Safari/537.36"
::1 - - [Thu, 04 Aug 2016 06:24:22 GMT] "POST /blog/woyouhuilaile/2016-8-4/%E4%BB%8A%E5%A4%A9%E5%91%A8%E5%9B%9B HTTP/1.1" 302 216 "http://localhost:5678/blog/woyouhuilaile/2016-8-4/%E4%BB%8A%E5%A4%A9%E5%91%A8%E5%9B%9B" "Mozilla/5.0 (Macintosh; Intel Mac OS X 10_10_3) AppleWebKit/537.36 (KHTML, like Gecko) Chrome/51.0.2704.103 Safari/537.36"
::1 - - [Thu, 04 Aug 2016 06:24:22 GMT] "GET /blog/woyouhuilaile/2016-8-4/%E4%BB%8A%E5%A4%A9%E5%91%A8%E5%9B%9B HTTP/1.1" 200 1807 "http://localhost:5678/blog/woyouhuilaile/2016-8-4/%E4%BB%8A%E5%A4%A9%E5%91%A8%E5%9B%9B" "Mozilla/5.0 (Macintosh; Intel Mac OS X 10_10_3) AppleWebKit/537.36 (KHTML, like Gecko) Chrome/51.0.2704.103 Safari/537.36"
::1 - - [Thu, 04 Aug 2016 06:28:14 GMT] "GET /blog/woyouhuilaile/2016-8-4/%E4%BB%8A%E5%A4%A9%E5%91%A8%E5%9B%9B HTTP/1.1" 200 1776 "http://localhost:5678/blog/woyouhuilaile/2016-8-4/%E4%BB%8A%E5%A4%A9%E5%91%A8%E5%9B%9B" "Mozilla/5.0 (Macintosh; Intel Mac OS X 10_10_3) AppleWebKit/537.36 (KHTML, like Gecko) Chrome/51.0.2704.103 Safari/537.36"
::1 - - [Thu, 04 Aug 2016 06:30:13 GMT] "GET /blog/woyouhuilaile/2016-8-4/%E4%BB%8A%E5%A4%A9%E5%91%A8%E5%9B%9B HTTP/1.1" 200 1776 "http://localhost:5678/blog/woyouhuilaile/2016-8-4/%E4%BB%8A%E5%A4%A9%E5%91%A8%E5%9B%9B" "Mozilla/5.0 (Macintosh; Intel Mac OS X 10_10_3) AppleWebKit/537.36 (KHTML, like Gecko) Chrome/51.0.2704.103 Safari/537.36"
::1 - - [Thu, 04 Aug 2016 06:30:53 GMT] "POST /blog/woyouhuilaile/2016-8-4/%E4%BB%8A%E5%A4%A9%E5%91%A8%E5%9B%9B HTTP/1.1" 302 216 "http://localhost:5678/blog/woyouhuilaile/2016-8-4/%E4%BB%8A%E5%A4%A9%E5%91%A8%E5%9B%9B" "Mozilla/5.0 (Macintosh; Intel Mac OS X 10_10_3) AppleWebKit/537.36 (KHTML, like Gecko) Chrome/51.0.2704.103 Safari/537.36"
::1 - - [Thu, 04 Aug 2016 06:30:53 GMT] "GET /blog/woyouhuilaile/2016-8-4/%E4%BB%8A%E5%A4%A9%E5%91%A8%E5%9B%9B HTTP/1.1" 200 1808 "http://localhost:5678/blog/woyouhuilaile/2016-8-4/%E4%BB%8A%E5%A4%A9%E5%91%A8%E5%9B%9B" "Mozilla/5.0 (Macintosh; Intel Mac OS X 10_10_3) AppleWebKit/537.36 (KHTML, like Gecko) Chrome/51.0.2704.103 Safari/537.36"
::1 - - [Thu, 04 Aug 2016 06:31:24 GMT] "GET /blog/woyouhuilaile/2016-8-4/%E4%BB%8A%E5%A4%A9%E5%91%A8%E5%9B%9B HTTP/1.1" 200 1777 "http://localhost:5678/blog/woyouhuilaile/2016-8-4/%E4%BB%8A%E5%A4%A9%E5%91%A8%E5%9B%9B" "Mozilla/5.0 (Macintosh; Intel Mac OS X 10_10_3) AppleWebKit/537.36 (KHTML, like Gecko) Chrome/51.0.2704.103 Safari/537.36"
::1 - - [Thu, 04 Aug 2016 06:31:54 GMT] "POST /blog/woyouhuilaile/2016-8-4/%E4%BB%8A%E5%A4%A9%E5%91%A8%E5%9B%9B HTTP/1.1" 302 216 "http://localhost:5678/blog/woyouhuilaile/2016-8-4/%E4%BB%8A%E5%A4%A9%E5%91%A8%E5%9B%9B" "Mozilla/5.0 (Macintosh; Intel Mac OS X 10_10_3) AppleWebKit/537.36 (KHTML, like Gecko) Chrome/51.0.2704.103 Safari/537.36"
::1 - - [Thu, 04 Aug 2016 06:31:54 GMT] "GET /blog/woyouhuilaile/2016-8-4/%E4%BB%8A%E5%A4%A9%E5%91%A8%E5%9B%9B HTTP/1.1" 200 2180 "http://localhost:5678/blog/woyouhuilaile/2016-8-4/%E4%BB%8A%E5%A4%A9%E5%91%A8%E5%9B%9B" "Mozilla/5.0 (Macintosh; Intel Mac OS X 10_10_3) AppleWebKit/537.36 (KHTML, like Gecko) Chrome/51.0.2704.103 Safari/537.36"
::1 - - [Thu, 04 Aug 2016 07:28:31 GMT] "GET /blog/woyouhuilaile/2016-8-4/%E4%BB%8A%E5%A4%A9%E5%91%A8%E5%9B%9B HTTP/1.1" 200 2150 "http://localhost:5678/blog/woyouhuilaile/2016-8-4/%E4%BB%8A%E5%A4%A9%E5%91%A8%E5%9B%9B" "Mozilla/5.0 (Macintosh; Intel Mac OS X 10_10_3) AppleWebKit/537.36 (KHTML, like Gecko) Chrome/51.0.2704.103 Safari/537.36"
::1 - - [Thu, 04 Aug 2016 07:30:28 GMT] "POST /blog/woyouhuilaile/2016-8-4/%E4%BB%8A%E5%A4%A9%E5%91%A8%E5%9B%9B HTTP/1.1" 302 216 "http://localhost:5678/blog/woyouhuilaile/2016-8-4/%E4%BB%8A%E5%A4%A9%E5%91%A8%E5%9B%9B" "Mozilla/5.0 (Macintosh; Intel Mac OS X 10_10_3) AppleWebKit/537.36 (KHTML, like Gecko) Chrome/51.0.2704.103 Safari/537.36"
::1 - - [Thu, 04 Aug 2016 07:30:28 GMT] "GET /blog/woyouhuilaile/2016-8-4/%E4%BB%8A%E5%A4%A9%E5%91%A8%E5%9B%9B HTTP/1.1" 200 2541 "http://localhost:5678/blog/woyouhuilaile/2016-8-4/%E4%BB%8A%E5%A4%A9%E5%91%A8%E5%9B%9B" "Mozilla/5.0 (Macintosh; Intel Mac OS X 10_10_3) AppleWebKit/537.36 (KHTML, like Gecko) Chrome/51.0.2704.103 Safari/537.36"
::1 - - [Thu, 04 Aug 2016 07:30:41 GMT] "GET /blog/woyouhuilaile/2016-8-4/%E4%BB%8A%E5%A4%A9%E5%91%A8%E5%9B%9B HTTP/1.1" 200 2511 "http://localhost:5678/blog/woyouhuilaile/2016-8-4/%E4%BB%8A%E5%A4%A9%E5%91%A8%E5%9B%9B" "Mozilla/5.0 (Macintosh; Intel Mac OS X 10_10_3) AppleWebKit/537.36 (KHTML, like Gecko) Chrome/51.0.2704.103 Safari/537.36"
::1 - - [Thu, 04 Aug 2016 07:31:19 GMT] "GET /login HTTP/1.1" 200 1253 "http://localhost:5678/blog/woyouhuilaile/2016-8-4/%E4%BB%8A%E5%A4%A9%E5%91%A8%E5%9B%9B" "Mozilla/5.0 (Macintosh; Intel Mac OS X 10_10_3) AppleWebKit/537.36 (KHTML, like Gecko) Chrome/51.0.2704.103 Safari/537.36"
::1 - - [Thu, 04 Aug 2016 07:31:40 GMT] "POST /login HTTP/1.1" 302 46 "http://localhost:5678/login" "Mozilla/5.0 (Macintosh; Intel Mac OS X 10_10_3) AppleWebKit/537.36 (KHTML, like Gecko) Chrome/51.0.2704.103 Safari/537.36"
::1 - - [Thu, 04 Aug 2016 07:31:40 GMT] "GET / HTTP/1.1" 200 1581 "http://localhost:5678/login" "Mozilla/5.0 (Macintosh; Intel Mac OS X 10_10_3) AppleWebKit/537.36 (KHTML, like Gecko) Chrome/51.0.2704.103 Safari/537.36"
::1 - - [Thu, 04 Aug 2016 07:32:15 GMT] "GET / HTTP/1.1" 200 1553 "http://localhost:5678/login" "Mozilla/5.0 (Macintosh; Intel Mac OS X 10_10_3) AppleWebKit/537.36 (KHTML, like Gecko) Chrome/51.0.2704.103 Safari/537.36"
::1 - - [Thu, 04 Aug 2016 07:33:29 GMT] "GET /logout HTTP/1.1" 302 46 "http://localhost:5678/" "Mozilla/5.0 (Macintosh; Intel Mac OS X 10_10_3) AppleWebKit/537.36 (KHTML, like Gecko) Chrome/51.0.2704.103 Safari/537.36"
::1 - - [Thu, 04 Aug 2016 07:33:29 GMT] "GET / HTTP/1.1" 200 1515 "http://localhost:5678/" "Mozilla/5.0 (Macintosh; Intel Mac OS X 10_10_3) AppleWebKit/537.36 (KHTML, like Gecko) Chrome/51.0.2704.103 Safari/537.36"
::1 - - [Thu, 04 Aug 2016 07:33:31 GMT] "GET / HTTP/1.1" 200 1485 "http://localhost:5678/" "Mozilla/5.0 (Macintosh; Intel Mac OS X 10_10_3) AppleWebKit/537.36 (KHTML, like Gecko) Chrome/51.0.2704.103 Safari/537.36"
::1 - - [Thu, 04 Aug 2016 07:33:34 GMT] "GET /login HTTP/1.1" 200 1253 "http://localhost:5678/" "Mozilla/5.0 (Macintosh; Intel Mac OS X 10_10_3) AppleWebKit/537.36 (KHTML, like Gecko) Chrome/51.0.2704.103 Safari/537.36"
::1 - - [Thu, 04 Aug 2016 07:33:43 GMT] "POST /login HTTP/1.1" 302 46 "http://localhost:5678/login" "Mozilla/5.0 (Macintosh; Intel Mac OS X 10_10_3) AppleWebKit/537.36 (KHTML, like Gecko) Chrome/51.0.2704.103 Safari/537.36"
::1 - - [Thu, 04 Aug 2016 07:33:43 GMT] "GET / HTTP/1.1" 200 1581 "http://localhost:5678/login" "Mozilla/5.0 (Macintosh; Intel Mac OS X 10_10_3) AppleWebKit/537.36 (KHTML, like Gecko) Chrome/51.0.2704.103 Safari/537.36"
::1 - - [Thu, 04 Aug 2016 07:33:46 GMT] "GET /blog/woyouhuilaile/2016-8-4/%E4%BB%8A%E5%A4%A9%E5%91%A8%E5%9B%9B HTTP/1.1" 200 2723 "http://localhost:5678/" "Mozilla/5.0 (Macintosh; Intel Mac OS X 10_10_3) AppleWebKit/537.36 (KHTML, like Gecko) Chrome/51.0.2704.103 Safari/537.36"
::1 - - [Thu, 04 Aug 2016 08:04:13 GMT] "GET / HTTP/1.1" 200 2849 "-" "Mozilla/5.0 (Macintosh; Intel Mac OS X 10_10_3) AppleWebKit/537.36 (KHTML, like Gecko) Chrome/51.0.2704.103 Safari/537.36"
::1 - - [Fri, 05 Aug 2016 01:28:51 GMT] "GET / HTTP/1.1" 200 2781 "-" "Mozilla/5.0 (Macintosh; Intel Mac OS X 10_10_3) AppleWebKit/537.36 (KHTML, like Gecko) Chrome/51.0.2704.103 Safari/537.36"
::1 - - [Fri, 05 Aug 2016 01:28:55 GMT] "GET /blog/woyouhuilaile/2016-8-4/%E4%BB%8A%E5%A4%A9%E5%91%A8%E5%9B%9B HTTP/1.1" 200 2511 "http://localhost:5678/" "Mozilla/5.0 (Macintosh; Intel Mac OS X 10_10_3) AppleWebKit/537.36 (KHTML, like Gecko) Chrome/51.0.2704.103 Safari/537.36"
::1 - - [Fri, 05 Aug 2016 01:29:06 GMT] "GET /login HTTP/1.1" 200 1253 "http://localhost:5678/blog/woyouhuilaile/2016-8-4/%E4%BB%8A%E5%A4%A9%E5%91%A8%E5%9B%9B" "Mozilla/5.0 (Macintosh; Intel Mac OS X 10_10_3) AppleWebKit/537.36 (KHTML, like Gecko) Chrome/51.0.2704.103 Safari/537.36"
::1 - - [Fri, 05 Aug 2016 01:30:28 GMT] "POST /login HTTP/1.1" 302 56 "http://localhost:5678/login" "Mozilla/5.0 (Macintosh; Intel Mac OS X 10_10_3) AppleWebKit/537.36 (KHTML, like Gecko) Chrome/51.0.2704.103 Safari/537.36"
::1 - - [Fri, 05 Aug 2016 01:30:28 GMT] "GET /login HTTP/1.1" 200 1282 "http://localhost:5678/login" "Mozilla/5.0 (Macintosh; Intel Mac OS X 10_10_3) AppleWebKit/537.36 (KHTML, like Gecko) Chrome/51.0.2704.103 Safari/537.36"
::1 - - [Fri, 05 Aug 2016 01:30:42 GMT] "POST /login HTTP/1.1" 302 46 "http://localhost:5678/login" "Mozilla/5.0 (Macintosh; Intel Mac OS X 10_10_3) AppleWebKit/537.36 (KHTML, like Gecko) Chrome/51.0.2704.103 Safari/537.36"
::1 - - [Fri, 05 Aug 2016 01:30:42 GMT] "GET / HTTP/1.1" 200 2877 "http://localhost:5678/login" "Mozilla/5.0 (Macintosh; Intel Mac OS X 10_10_3) AppleWebKit/537.36 (KHTML, like Gecko) Chrome/51.0.2704.103 Safari/537.36"
::1 - - [Fri, 05 Aug 2016 01:30:45 GMT] "GET / HTTP/1.1" 200 2849 "http://localhost:5678/login" "Mozilla/5.0 (Macintosh; Intel Mac OS X 10_10_3) AppleWebKit/537.36 (KHTML, like Gecko) Chrome/51.0.2704.103 Safari/537.36"
::1 - - [Fri, 05 Aug 2016 03:36:00 GMT] "GET / HTTP/1.1" 200 895 "-" "Mozilla/5.0 (Macintosh; Intel Mac OS X 10_10_3) AppleWebKit/537.36 (KHTML, like Gecko) Chrome/51.0.2704.103 Safari/537.36"
::1 - - [Fri, 05 Aug 2016 03:36:13 GMT] "GET /login HTTP/1.1" 200 1253 "http://localhost:5678/" "Mozilla/5.0 (Macintosh; Intel Mac OS X 10_10_3) AppleWebKit/537.36 (KHTML, like Gecko) Chrome/51.0.2704.103 Safari/537.36"
::1 - - [Fri, 05 Aug 2016 03:36:25 GMT] "POST /login HTTP/1.1" 302 46 "http://localhost:5678/login" "Mozilla/5.0 (Macintosh; Intel Mac OS X 10_10_3) AppleWebKit/537.36 (KHTML, like Gecko) Chrome/51.0.2704.103 Safari/537.36"
::1 - - [Fri, 05 Aug 2016 03:36:25 GMT] "GET / HTTP/1.1" 200 991 "http://localhost:5678/login" "Mozilla/5.0 (Macintosh; Intel Mac OS X 10_10_3) AppleWebKit/537.36 (KHTML, like Gecko) Chrome/51.0.2704.103 Safari/537.36"
::1 - - [Fri, 05 Aug 2016 03:36:27 GMT] "GET /post HTTP/1.1" 200 1426 "http://localhost:5678/" "Mozilla/5.0 (Macintosh; Intel Mac OS X 10_10_3) AppleWebKit/537.36 (KHTML, like Gecko) Chrome/51.0.2704.103 Safari/537.36"
::1 - - [Fri, 05 Aug 2016 03:36:53 GMT] "POST /post HTTP/1.1" 302 46 "http://localhost:5678/post" "Mozilla/5.0 (Macintosh; Intel Mac OS X 10_10_3) AppleWebKit/537.36 (KHTML, like Gecko) Chrome/51.0.2704.103 Safari/537.36"
::1 - - [Fri, 05 Aug 2016 03:36:53 GMT] "GET / HTTP/1.1" 200 1528 "http://localhost:5678/post" "Mozilla/5.0 (Macintosh; Intel Mac OS X 10_10_3) AppleWebKit/537.36 (KHTML, like Gecko) Chrome/51.0.2704.103 Safari/537.36"
::1 - - [Fri, 05 Aug 2016 03:36:57 GMT] "GET / HTTP/1.1" 200 1498 "http://localhost:5678/post" "Mozilla/5.0 (Macintosh; Intel Mac OS X 10_10_3) AppleWebKit/537.36 (KHTML, like Gecko) Chrome/51.0.2704.103 Safari/537.36"
::1 - - [Fri, 05 Aug 2016 03:37:10 GMT] "GET /blog/test/2016-8-5/%E4%BB%8A%E5%A4%A9%E6%98%AF%E5%91%A8%E4%BA%94 HTTP/1.1" 200 132 "http://localhost:5678/" "Mozilla/5.0 (Macintosh; Intel Mac OS X 10_10_3) AppleWebKit/537.36 (KHTML, like Gecko) Chrome/51.0.2704.103 Safari/537.36"
::1 - - [Fri, 05 Aug 2016 03:43:05 GMT] "GET / HTTP/1.1" 304 - "http://localhost:5678/post" "Mozilla/5.0 (Macintosh; Intel Mac OS X 10_10_3) AppleWebKit/537.36 (KHTML, like Gecko) Chrome/51.0.2704.103 Safari/537.36"
::1 - - [Fri, 05 Aug 2016 03:43:07 GMT] "GET /blog/test/2016-8-5/%E4%BB%8A%E5%A4%A9%E6%98%AF%E5%91%A8%E4%BA%94 HTTP/1.1" 304 - "http://localhost:5678/" "Mozilla/5.0 (Macintosh; Intel Mac OS X 10_10_3) AppleWebKit/537.36 (KHTML, like Gecko) Chrome/51.0.2704.103 Safari/537.36"
::1 - - [Fri, 05 Aug 2016 03:43:40 GMT] "GET / HTTP/1.1" 200 963 "http://localhost:5678/post" "Mozilla/5.0 (Macintosh; Intel Mac OS X 10_10_3) AppleWebKit/537.36 (KHTML, like Gecko) Chrome/51.0.2704.103 Safari/537.36"
::1 - - [Fri, 05 Aug 2016 03:43:42 GMT] "GET /post HTTP/1.1" 200 1426 "http://localhost:5678/" "Mozilla/5.0 (Macintosh; Intel Mac OS X 10_10_3) AppleWebKit/537.36 (KHTML, like Gecko) Chrome/51.0.2704.103 Safari/537.36"
::1 - - [Fri, 05 Aug 2016 03:43:54 GMT] "POST /post HTTP/1.1" 302 46 "http://localhost:5678/post" "Mozilla/5.0 (Macintosh; Intel Mac OS X 10_10_3) AppleWebKit/537.36 (KHTML, like Gecko) Chrome/51.0.2704.103 Safari/537.36"
::1 - - [Fri, 05 Aug 2016 03:43:54 GMT] "GET / HTTP/1.1" 200 1382 "http://localhost:5678/post" "Mozilla/5.0 (Macintosh; Intel Mac OS X 10_10_3) AppleWebKit/537.36 (KHTML, like Gecko) Chrome/51.0.2704.103 Safari/537.36"
::1 - - [Fri, 05 Aug 2016 03:43:58 GMT] "GET /blog/test/2016-8-5/%E4%BB%8A%E5%A4%A9%E6%98%AF%E5%91%A8%E4%BA%94%E5%91%80 HTTP/1.1" 200 132 "http://localhost:5678/" "Mozilla/5.0 (Macintosh; Intel Mac OS X 10_10_3) AppleWebKit/537.36 (KHTML, like Gecko) Chrome/51.0.2704.103 Safari/537.36"
::1 - - [Fri, 05 Aug 2016 03:44:22 GMT] "GET /blog/test/2016-8-5/%E4%BB%8A%E5%A4%A9%E6%98%AF%E5%91%A8%E4%BA%94%E5%91%80 HTTP/1.1" 304 - "http://localhost:5678/" "Mozilla/5.0 (Macintosh; Intel Mac OS X 10_10_3) AppleWebKit/537.36 (KHTML, like Gecko) Chrome/51.0.2704.103 Safari/537.36"
::1 - - [Fri, 05 Aug 2016 03:44:25 GMT] "GET / HTTP/1.1" 200 1352 "http://localhost:5678/post" "Mozilla/5.0 (Macintosh; Intel Mac OS X 10_10_3) AppleWebKit/537.36 (KHTML, like Gecko) Chrome/51.0.2704.103 Safari/537.36"
::1 - - [Fri, 05 Aug 2016 03:44:26 GMT] "GET /blog/test/2016-8-5/%E4%BB%8A%E5%A4%A9%E6%98%AF%E5%91%A8%E4%BA%94%E5%91%80 HTTP/1.1" 304 - "http://localhost:5678/" "Mozilla/5.0 (Macintosh; Intel Mac OS X 10_10_3) AppleWebKit/537.36 (KHTML, like Gecko) Chrome/51.0.2704.103 Safari/537.36"
::1 - - [Fri, 05 Aug 2016 03:45:09 GMT] "GET / HTTP/1.1" 304 - "http://localhost:5678/post" "Mozilla/5.0 (Macintosh; Intel Mac OS X 10_10_3) AppleWebKit/537.36 (KHTML, like Gecko) Chrome/51.0.2704.103 Safari/537.36"
::1 - - [Fri, 05 Aug 2016 03:45:10 GMT] "GET /blog/test/2016-8-5/%E4%BB%8A%E5%A4%A9%E6%98%AF%E5%91%A8%E4%BA%94%E5%91%80 HTTP/1.1" 200 1847 "http://localhost:5678/" "Mozilla/5.0 (Macintosh; Intel Mac OS X 10_10_3) AppleWebKit/537.36 (KHTML, like Gecko) Chrome/51.0.2704.103 Safari/537.36"
::1 - - [Fri, 05 Aug 2016 03:45:29 GMT] "POST /blog/test/2016-8-5/%E4%BB%8A%E5%A4%A9%E6%98%AF%E5%91%A8%E4%BA%94%E5%91%80 HTTP/1.1" 302 234 "http://localhost:5678/blog/test/2016-8-5/%E4%BB%8A%E5%A4%A9%E6%98%AF%E5%91%A8%E4%BA%94%E5%91%80" "Mozilla/5.0 (Macintosh; Intel Mac OS X 10_10_3) AppleWebKit/537.36 (KHTML, like Gecko) Chrome/51.0.2704.103 Safari/537.36"
::1 - - [Fri, 05 Aug 2016 03:45:29 GMT] "GET /blog/test/2016-8-5/%E4%BB%8A%E5%A4%A9%E6%98%AF%E5%91%A8%E4%BA%94%E5%91%80 HTTP/1.1" 200 2248 "http://localhost:5678/blog/test/2016-8-5/%E4%BB%8A%E5%A4%A9%E6%98%AF%E5%91%A8%E4%BA%94%E5%91%80" "Mozilla/5.0 (Macintosh; Intel Mac OS X 10_10_3) AppleWebKit/537.36 (KHTML, like Gecko) Chrome/51.0.2704.103 Safari/537.36"
::1 - - [Fri, 05 Aug 2016 03:51:35 GMT] "GET /upload HTTP/1.1" 200 1184 "http://localhost:5678/blog/test/2016-8-5/%E4%BB%8A%E5%A4%A9%E6%98%AF%E5%91%A8%E4%BA%94%E5%91%80" "Mozilla/5.0 (Macintosh; Intel Mac OS X 10_10_3) AppleWebKit/537.36 (KHTML, like Gecko) Chrome/51.0.2704.103 Safari/537.36"
::1 - - [Fri, 05 Aug 2016 03:51:39 GMT] "GET /archive HTTP/1.1" 200 1167 "http://localhost:5678/upload" "Mozilla/5.0 (Macintosh; Intel Mac OS X 10_10_3) AppleWebKit/537.36 (KHTML, like Gecko) Chrome/51.0.2704.103 Safari/537.36"
::1 - - [Fri, 05 Aug 2016 03:51:42 GMT] "GET /tags HTTP/1.1" 200 132 "http://localhost:5678/archive" "Mozilla/5.0 (Macintosh; Intel Mac OS X 10_10_3) AppleWebKit/537.36 (KHTML, like Gecko) Chrome/51.0.2704.103 Safari/537.36"
::1 - - [Fri, 05 Aug 2016 03:51:51 GMT] "GET /post HTTP/1.1" 200 1426 "http://localhost:5678/archive" "Mozilla/5.0 (Macintosh; Intel Mac OS X 10_10_3) AppleWebKit/537.36 (KHTML, like Gecko) Chrome/51.0.2704.103 Safari/537.36"
::1 - - [Fri, 05 Aug 2016 03:52:17 GMT] "POST /post HTTP/1.1" 302 46 "http://localhost:5678/post" "Mozilla/5.0 (Macintosh; Intel Mac OS X 10_10_3) AppleWebKit/537.36 (KHTML, like Gecko) Chrome/51.0.2704.103 Safari/537.36"
::1 - - [Fri, 05 Aug 2016 03:52:17 GMT] "GET / HTTP/1.1" 200 1924 "http://localhost:5678/post" "Mozilla/5.0 (Macintosh; Intel Mac OS X 10_10_3) AppleWebKit/537.36 (KHTML, like Gecko) Chrome/51.0.2704.103 Safari/537.36"
::1 - - [Fri, 05 Aug 2016 03:52:19 GMT] "GET /tags HTTP/1.1" 304 - "http://localhost:5678/" "Mozilla/5.0 (Macintosh; Intel Mac OS X 10_10_3) AppleWebKit/537.36 (KHTML, like Gecko) Chrome/51.0.2704.103 Safari/537.36"
::1 - - [Fri, 05 Aug 2016 05:33:35 GMT] "GET /tags HTTP/1.1" 304 - "http://localhost:5678/" "Mozilla/5.0 (Macintosh; Intel Mac OS X 10_10_3) AppleWebKit/537.36 (KHTML, like Gecko) Chrome/51.0.2704.103 Safari/537.36"
::1 - - [Fri, 05 Aug 2016 05:33:38 GMT] "GET / HTTP/1.1" 200 1431 "http://localhost:5678/post" "Mozilla/5.0 (Macintosh; Intel Mac OS X 10_10_3) AppleWebKit/537.36 (KHTML, like Gecko) Chrome/51.0.2704.103 Safari/537.36"
::1 - - [Fri, 05 Aug 2016 05:33:40 GMT] "GET /blog/test/2016-8-5/%E7%AC%AC%E4%BA%8C%E7%AF%87%E6%96%87%E7%AB%A0 HTTP/1.1" 200 1738 "http://localhost:5678/" "Mozilla/5.0 (Macintosh; Intel Mac OS X 10_10_3) AppleWebKit/537.36 (KHTML, like Gecko) Chrome/51.0.2704.103 Safari/537.36"
::1 - - [Fri, 05 Aug 2016 05:33:42 GMT] "GET /tags HTTP/1.1" 304 - "http://localhost:5678/blog/test/2016-8-5/%E7%AC%AC%E4%BA%8C%E7%AF%87%E6%96%87%E7%AB%A0" "Mozilla/5.0 (Macintosh; Intel Mac OS X 10_10_3) AppleWebKit/537.36 (KHTML, like Gecko) Chrome/51.0.2704.103 Safari/537.36"
::1 - - [Fri, 05 Aug 2016 05:53:24 GMT] "GET /links HTTP/1.1" 200 1116 "http://localhost:5678/blog/test/2016-8-5/%E7%AC%AC%E4%BA%8C%E7%AF%87%E6%96%87%E7%AB%A0" "Mozilla/5.0 (Macintosh; Intel Mac OS X 10_10_3) AppleWebKit/537.36 (KHTML, like Gecko) Chrome/51.0.2704.103 Safari/537.36"
::1 - - [Fri, 05 Aug 2016 05:53:26 GMT] "GET /tags HTTP/1.1" 304 - "http://localhost:5678/links" "Mozilla/5.0 (Macintosh; Intel Mac OS X 10_10_3) AppleWebKit/537.36 (KHTML, like Gecko) Chrome/51.0.2704.103 Safari/537.36"
::1 - - [Fri, 05 Aug 2016 05:53:29 GMT] "GET /archive HTTP/1.1" 200 1093 "http://localhost:5678/links" "Mozilla/5.0 (Macintosh; Intel Mac OS X 10_10_3) AppleWebKit/537.36 (KHTML, like Gecko) Chrome/51.0.2704.103 Safari/537.36"
::1 - - [Fri, 05 Aug 2016 05:53:31 GMT] "GET /blog/test/2016-8-5/%E7%AC%AC%E4%BA%8C%E7%AF%87%E6%96%87%E7%AB%A0 HTTP/1.1" 200 1738 "http://localhost:5678/archive" "Mozilla/5.0 (Macintosh; Intel Mac OS X 10_10_3) AppleWebKit/537.36 (KHTML, like Gecko) Chrome/51.0.2704.103 Safari/537.36"
::1 - - [Fri, 05 Aug 2016 05:53:40 GMT] "GET /login HTTP/1.1" 200 1253 "http://localhost:5678/blog/test/2016-8-5/%E7%AC%AC%E4%BA%8C%E7%AF%87%E6%96%87%E7%AB%A0" "Mozilla/5.0 (Macintosh; Intel Mac OS X 10_10_3) AppleWebKit/537.36 (KHTML, like Gecko) Chrome/51.0.2704.103 Safari/537.36"
::1 - - [Fri, 05 Aug 2016 05:53:43 GMT] "GET /reg HTTP/1.1" 200 1511 "http://localhost:5678/login" "Mozilla/5.0 (Macintosh; Intel Mac OS X 10_10_3) AppleWebKit/537.36 (KHTML, like Gecko) Chrome/51.0.2704.103 Safari/537.36"
::1 - - [Fri, 05 Aug 2016 05:53:45 GMT] "GET /login HTTP/1.1" 304 - "http://localhost:5678/reg" "Mozilla/5.0 (Macintosh; Intel Mac OS X 10_10_3) AppleWebKit/537.36 (KHTML, like Gecko) Chrome/51.0.2704.103 Safari/537.36"
::1 - - [Fri, 05 Aug 2016 05:53:46 GMT] "GET /reg HTTP/1.1" 304 - "http://localhost:5678/login" "Mozilla/5.0 (Macintosh; Intel Mac OS X 10_10_3) AppleWebKit/537.36 (KHTML, like Gecko) Chrome/51.0.2704.103 Safari/537.36"
::1 - - [Fri, 05 Aug 2016 05:53:49 GMT] "GET /login HTTP/1.1" 304 - "http://localhost:5678/reg" "Mozilla/5.0 (Macintosh; Intel Mac OS X 10_10_3) AppleWebKit/537.36 (KHTML, like Gecko) Chrome/51.0.2704.103 Safari/537.36"
::1 - - [Fri, 05 Aug 2016 05:53:49 GMT] "GET /login HTTP/1.1" 304 - "http://localhost:5678/login" "Mozilla/5.0 (Macintosh; Intel Mac OS X 10_10_3) AppleWebKit/537.36 (KHTML, like Gecko) Chrome/51.0.2704.103 Safari/537.36"
::1 - - [Fri, 05 Aug 2016 05:53:50 GMT] "GET /reg HTTP/1.1" 304 - "http://localhost:5678/login" "Mozilla/5.0 (Macintosh; Intel Mac OS X 10_10_3) AppleWebKit/537.36 (KHTML, like Gecko) Chrome/51.0.2704.103 Safari/537.36"
::1 - - [Fri, 05 Aug 2016 05:53:52 GMT] "GET /links HTTP/1.1" 304 - "http://localhost:5678/reg" "Mozilla/5.0 (Macintosh; Intel Mac OS X 10_10_3) AppleWebKit/537.36 (KHTML, like Gecko) Chrome/51.0.2704.103 Safari/537.36"
::1 - - [Fri, 05 Aug 2016 05:53:53 GMT] "GET /tags HTTP/1.1" 304 - "http://localhost:5678/links" "Mozilla/5.0 (Macintosh; Intel Mac OS X 10_10_3) AppleWebKit/537.36 (KHTML, like Gecko) Chrome/51.0.2704.103 Safari/537.36"
::1 - - [Fri, 05 Aug 2016 05:54:06 GMT] "GET /tags HTTP/1.1" 304 - "http://localhost:5678/links" "Mozilla/5.0 (Macintosh; Intel Mac OS X 10_10_3) AppleWebKit/537.36 (KHTML, like Gecko) Chrome/51.0.2704.103 Safari/537.36"
::1 - - [Fri, 05 Aug 2016 05:54:24 GMT] "GET /search?keyword=%E7%AC%AC%E4%BA%8C HTTP/1.1" 200 1042 "http://localhost:5678/links" "Mozilla/5.0 (Macintosh; Intel Mac OS X 10_10_3) AppleWebKit/537.36 (KHTML, like Gecko) Chrome/51.0.2704.103 Safari/537.36"
::1 - - [Fri, 05 Aug 2016 05:54:29 GMT] "GET /archive HTTP/1.1" 304 - "http://localhost:5678/search?keyword=%E7%AC%AC%E4%BA%8C" "Mozilla/5.0 (Macintosh; Intel Mac OS X 10_10_3) AppleWebKit/537.36 (KHTML, like Gecko) Chrome/51.0.2704.103 Safari/537.36"
::1 - - [Fri, 05 Aug 2016 05:54:30 GMT] "GET / HTTP/1.1" 200 1431 "http://localhost:5678/archive" "Mozilla/5.0 (Macintosh; Intel Mac OS X 10_10_3) AppleWebKit/537.36 (KHTML, like Gecko) Chrome/51.0.2704.103 Safari/537.36"
::1 - - [Fri, 05 Aug 2016 05:57:00 GMT] "GET /reg HTTP/1.1" 304 - "http://localhost:5678/" "Mozilla/5.0 (Macintosh; Intel Mac OS X 10_10_3) AppleWebKit/537.36 (KHTML, like Gecko) Chrome/51.0.2704.103 Safari/537.36"
::1 - - [Fri, 05 Aug 2016 05:57:03 GMT] "GET /reg HTTP/1.1" 304 - "http://localhost:5678/" "Mozilla/5.0 (Macintosh; Intel Mac OS X 10_10_3) AppleWebKit/537.36 (KHTML, like Gecko) Chrome/51.0.2704.103 Safari/537.36"
::1 - - [Fri, 05 Aug 2016 05:57:22 GMT] "GET /reg HTTP/1.1" 304 - "http://localhost:5678/" "Mozilla/5.0 (Macintosh; Intel Mac OS X 10_10_3) AppleWebKit/537.36 (KHTML, like Gecko) Chrome/51.0.2704.103 Safari/537.36"
::1 - - [Fri, 05 Aug 2016 05:57:36 GMT] "GET /reg HTTP/1.1" 304 - "http://localhost:5678/" "Mozilla/5.0 (Macintosh; Intel Mac OS X 10_10_3) AppleWebKit/537.36 (KHTML, like Gecko) Chrome/51.0.2704.103 Safari/537.36"
::1 - - [Fri, 05 Aug 2016 05:57:58 GMT] "POST /reg HTTP/1.1" 302 46 "http://localhost:5678/reg" "Mozilla/5.0 (Macintosh; Intel Mac OS X 10_10_3) AppleWebKit/537.36 (KHTML, like Gecko) Chrome/51.0.2704.103 Safari/537.36"
::1 - - [Fri, 05 Aug 2016 05:57:58 GMT] "GET / HTTP/1.1" 200 991 "http://localhost:5678/reg" "Mozilla/5.0 (Macintosh; Intel Mac OS X 10_10_3) AppleWebKit/537.36 (KHTML, like Gecko) Chrome/51.0.2704.103 Safari/537.36"
::1 - - [Fri, 05 Aug 2016 05:58:01 GMT] "GET /post HTTP/1.1" 200 1426 "http://localhost:5678/" "Mozilla/5.0 (Macintosh; Intel Mac OS X 10_10_3) AppleWebKit/537.36 (KHTML, like Gecko) Chrome/51.0.2704.103 Safari/537.36"
::1 - - [Fri, 05 Aug 2016 05:58:31 GMT] "POST /post HTTP/1.1" 302 46 "http://localhost:5678/post" "Mozilla/5.0 (Macintosh; Intel Mac OS X 10_10_3) AppleWebKit/537.36 (KHTML, like Gecko) Chrome/51.0.2704.103 Safari/537.36"
::1 - - [Fri, 05 Aug 2016 05:58:31 GMT] "GET / HTTP/1.1" 200 1604 "http://localhost:5678/post" "Mozilla/5.0 (Macintosh; Intel Mac OS X 10_10_3) AppleWebKit/537.36 (KHTML, like Gecko) Chrome/51.0.2704.103 Safari/537.36"
::1 - - [Fri, 05 Aug 2016 05:58:40 GMT] "GET /blog/%E9%82%A2%E9%98%B3/2016-8-5/%E9%82%A2%E9%98%B3%E7%AC%AC%E4%B8%80%E7%AF%87%E6%96%87%E7%AB%A0 HTTP/1.1" 200 2053 "http://localhost:5678/" "Mozilla/5.0 (Macintosh; Intel Mac OS X 10_10_3) AppleWebKit/537.36 (KHTML, like Gecko) Chrome/51.0.2704.103 Safari/537.36"
::1 - - [Fri, 05 Aug 2016 05:59:06 GMT] "POST /blog/%E9%82%A2%E9%98%B3/2016-8-5/%E9%82%A2%E9%98%B3%E7%AC%AC%E4%B8%80%E7%AF%87%E6%96%87%E7%AB%A0 HTTP/1.1" 302 280 "http://localhost:5678/blog/%E9%82%A2%E9%98%B3/2016-8-5/%E9%82%A2%E9%98%B3%E7%AC%AC%E4%B8%80%E7%AF%87%E6%96%87%E7%AB%A0" "Mozilla/5.0 (Macintosh; Intel Mac OS X 10_10_3) AppleWebKit/537.36 (KHTML, like Gecko) Chrome/51.0.2704.103 Safari/537.36"
::1 - - [Fri, 05 Aug 2016 05:59:06 GMT] "GET /blog/%E9%82%A2%E9%98%B3/2016-8-5/%E9%82%A2%E9%98%B3%E7%AC%AC%E4%B8%80%E7%AF%87%E6%96%87%E7%AB%A0 HTTP/1.1" 200 2455 "http://localhost:5678/blog/%E9%82%A2%E9%98%B3/2016-8-5/%E9%82%A2%E9%98%B3%E7%AC%AC%E4%B8%80%E7%AF%87%E6%96%87%E7%AB%A0" "Mozilla/5.0 (Macintosh; Intel Mac OS X 10_10_3) AppleWebKit/537.36 (KHTML, like Gecko) Chrome/51.0.2704.103 Safari/537.36"
::1 - - [Fri, 05 Aug 2016 06:07:11 GMT] "GET /edit/%E9%82%A2%E9%98%B3/2016-8-5/%E9%82%A2%E9%98%B3%E7%AC%AC%E4%B8%80%E7%AF%87%E6%96%87%E7%AB%A0 HTTP/1.1" 200 1476 "http://localhost:5678/blog/%E9%82%A2%E9%98%B3/2016-8-5/%E9%82%A2%E9%98%B3%E7%AC%AC%E4%B8%80%E7%AF%87%E6%96%87%E7%AB%A0" "Mozilla/5.0 (Macintosh; Intel Mac OS X 10_10_3) AppleWebKit/537.36 (KHTML, like Gecko) Chrome/51.0.2704.103 Safari/537.36"
::1 - - [Fri, 05 Aug 2016 06:07:22 GMT] "POST /edit/%E9%82%A2%E9%98%B3/2016-8-5/%E9%82%A2%E9%98%B3%E7%AC%AC%E4%B8%80%E7%AF%87%E6%96%87%E7%AB%A0 HTTP/1.1" 302 238 "http://localhost:5678/edit/%E9%82%A2%E9%98%B3/2016-8-5/%E9%82%A2%E9%98%B3%E7%AC%AC%E4%B8%80%E7%AF%87%E6%96%87%E7%AB%A0" "Mozilla/5.0 (Macintosh; Intel Mac OS X 10_10_3) AppleWebKit/537.36 (KHTML, like Gecko) Chrome/51.0.2704.103 Safari/537.36"
::1 - - [Fri, 05 Aug 2016 06:07:22 GMT] "GET /blog/%E9%82%A2%E9%98%B3/2016-8-5/%E9%82%A2%E9%98%B3%E7%AC%AC%E4%B8%80%E7%AF%87%E6%96%87%E7%AB%A0 HTTP/1.1" 200 2451 "http://localhost:5678/edit/%E9%82%A2%E9%98%B3/2016-8-5/%E9%82%A2%E9%98%B3%E7%AC%AC%E4%B8%80%E7%AF%87%E6%96%87%E7%AB%A0" "Mozilla/5.0 (Macintosh; Intel Mac OS X 10_10_3) AppleWebKit/537.36 (KHTML, like Gecko) Chrome/51.0.2704.103 Safari/537.36"
::1 - - [Fri, 05 Aug 2016 06:58:02 GMT] "GET /blog/%E9%82%A2%E9%98%B3/2016-8-5/%E9%82%A2%E9%98%B3%E7%AC%AC%E4%B8%80%E7%AF%87%E6%96%87%E7%AB%A0 HTTP/1.1" 200 2423 "http://localhost:5678/edit/%E9%82%A2%E9%98%B3/2016-8-5/%E9%82%A2%E9%98%B3%E7%AC%AC%E4%B8%80%E7%AF%87%E6%96%87%E7%AB%A0" "Mozilla/5.0 (Macintosh; Intel Mac OS X 10_10_3) AppleWebKit/537.36 (KHTML, like Gecko) Chrome/51.0.2704.103 Safari/537.36"
::1 - - [Fri, 05 Aug 2016 06:58:06 GMT] "GET /blog/%E9%82%A2%E9%98%B3/2016-8-5/%E9%82%A2%E9%98%B3%E7%AC%AC%E4%B8%80%E7%AF%87%E6%96%87%E7%AB%A0 HTTP/1.1" 200 2423 "http://localhost:5678/edit/%E9%82%A2%E9%98%B3/2016-8-5/%E9%82%A2%E9%98%B3%E7%AC%AC%E4%B8%80%E7%AF%87%E6%96%87%E7%AB%A0" "Mozilla/5.0 (Macintosh; Intel Mac OS X 10_10_3) AppleWebKit/537.36 (KHTML, like Gecko) Chrome/51.0.2704.103 Safari/537.36"
::1 - - [Fri, 05 Aug 2016 07:01:00 GMT] "GET /edit/%E9%82%A2%E9%98%B3/2016-8-5/%E9%82%A2%E9%98%B3%E7%AC%AC%E4%B8%80%E7%AF%87%E6%96%87%E7%AB%A0 HTTP/1.1" 200 1474 "http://localhost:5678/blog/%E9%82%A2%E9%98%B3/2016-8-5/%E9%82%A2%E9%98%B3%E7%AC%AC%E4%B8%80%E7%AF%87%E6%96%87%E7%AB%A0" "Mozilla/5.0 (Macintosh; Intel Mac OS X 10_10_3) AppleWebKit/537.36 (KHTML, like Gecko) Chrome/51.0.2704.103 Safari/537.36"
::1 - - [Fri, 05 Aug 2016 07:57:51 GMT] "GET /edit/%E9%82%A2%E9%98%B3/2016-8-5/%E9%82%A2%E9%98%B3%E7%AC%AC%E4%B8%80%E7%AF%87%E6%96%87%E7%AB%A0 HTTP/1.1" 302 56 "http://localhost:5678/blog/%E9%82%A2%E9%98%B3/2016-8-5/%E9%82%A2%E9%98%B3%E7%AC%AC%E4%B8%80%E7%AF%87%E6%96%87%E7%AB%A0" "Mozilla/5.0 (Macintosh; Intel Mac OS X 10_10_3) AppleWebKit/537.36 (KHTML, like Gecko) Chrome/51.0.2704.103 Safari/537.36"
::1 - - [Fri, 05 Aug 2016 07:57:51 GMT] "GET /login HTTP/1.1" 200 1405 "http://localhost:5678/blog/%E9%82%A2%E9%98%B3/2016-8-5/%E9%82%A2%E9%98%B3%E7%AC%AC%E4%B8%80%E7%AF%87%E6%96%87%E7%AB%A0" "Mozilla/5.0 (Macintosh; Intel Mac OS X 10_10_3) AppleWebKit/537.36 (KHTML, like Gecko) Chrome/51.0.2704.103 Safari/537.36"
::1 - - [Fri, 05 Aug 2016 07:57:51 GMT] "GET /css/bootstrap.css HTTP/1.1" 200 132 "http://localhost:5678/login" "Mozilla/5.0 (Macintosh; Intel Mac OS X 10_10_3) AppleWebKit/537.36 (KHTML, like Gecko) Chrome/51.0.2704.103 Safari/537.36"
::1 - - [Fri, 05 Aug 2016 12:49:52 GMT] "GET / HTTP/1.1" 200 1019 "http://localhost:5678/login" "Mozilla/5.0 (Macintosh; Intel Mac OS X 10_10_3) AppleWebKit/537.36 (KHTML, like Gecko) Chrome/51.0.2704.103 Safari/537.36"
::1 - - [Fri, 05 Aug 2016 12:49:52 GMT] "GET /css/bootstrap.css HTTP/1.1" 304 - "http://localhost:5678/" "Mozilla/5.0 (Macintosh; Intel Mac OS X 10_10_3) AppleWebKit/537.36 (KHTML, like Gecko) Chrome/51.0.2704.103 Safari/537.36"
::1 - - [Fri, 05 Aug 2016 12:53:12 GMT] "GET /tags HTTP/1.1" 304 - "http://localhost:5678/" "Mozilla/5.0 (Macintosh; Intel Mac OS X 10_10_3) AppleWebKit/537.36 (KHTML, like Gecko) Chrome/51.0.2704.103 Safari/537.36"
::1 - - [Fri, 05 Aug 2016 12:54:58 GMT] "GET / HTTP/1.1" 304 - "http://localhost:5678/login" "Mozilla/5.0 (Macintosh; Intel Mac OS X 10_10_3) AppleWebKit/537.36 (KHTML, like Gecko) Chrome/51.0.2704.103 Safari/537.36"
::1 - - [Fri, 05 Aug 2016 12:54:58 GMT] "GET /css/bootstrap.css HTTP/1.1" 304 - "http://localhost:5678/" "Mozilla/5.0 (Macintosh; Intel Mac OS X 10_10_3) AppleWebKit/537.36 (KHTML, like Gecko) Chrome/51.0.2704.103 Safari/537.36"
::1 - - [Fri, 05 Aug 2016 12:55:46 GMT] "GET / HTTP/1.1" 304 - "http://localhost:5678/login" "Mozilla/5.0 (Macintosh; Intel Mac OS X 10_10_3) AppleWebKit/537.36 (KHTML, like Gecko) Chrome/51.0.2704.103 Safari/537.36"
::1 - - [Fri, 05 Aug 2016 12:55:46 GMT] "GET /css/bootstrap.css HTTP/1.1" 304 - "http://localhost:5678/" "Mozilla/5.0 (Macintosh; Intel Mac OS X 10_10_3) AppleWebKit/537.36 (KHTML, like Gecko) Chrome/51.0.2704.103 Safari/537.36"
::1 - - [Fri, 05 Aug 2016 12:55:59 GMT] "GET /login HTTP/1.1" 200 1377 "http://localhost:5678/" "Mozilla/5.0 (Macintosh; Intel Mac OS X 10_10_3) AppleWebKit/537.36 (KHTML, like Gecko) Chrome/51.0.2704.103 Safari/537.36"
::1 - - [Fri, 05 Aug 2016 12:55:59 GMT] "GET /css/bootstrap.css HTTP/1.1" 304 - "http://localhost:5678/login" "Mozilla/5.0 (Macintosh; Intel Mac OS X 10_10_3) AppleWebKit/537.36 (KHTML, like Gecko) Chrome/51.0.2704.103 Safari/537.36"
::1 - - [Fri, 05 Aug 2016 14:05:56 GMT] "GET /tags HTTP/1.1" 304 - "http://localhost:5678/login" "Mozilla/5.0 (Macintosh; Intel Mac OS X 10_10_3) AppleWebKit/537.36 (KHTML, like Gecko) Chrome/51.0.2704.103 Safari/537.36"
::1 - - [Fri, 05 Aug 2016 22:24:00 GMT] "GET / HTTP/1.1" 304 - "-" "Mozilla/5.0 (Macintosh; Intel Mac OS X 10_10_3) AppleWebKit/537.36 (KHTML, like Gecko) Chrome/51.0.2704.103 Safari/537.36"
::1 - - [Fri, 05 Aug 2016 22:24:00 GMT] "GET /css/bootstrap.css HTTP/1.1" 304 - "http://localhost:5678/" "Mozilla/5.0 (Macintosh; Intel Mac OS X 10_10_3) AppleWebKit/537.36 (KHTML, like Gecko) Chrome/51.0.2704.103 Safari/537.36"
::1 - - [Fri, 05 Aug 2016 22:25:22 GMT] "GET /login HTTP/1.1" 304 - "http://localhost:5678/" "Mozilla/5.0 (Macintosh; Intel Mac OS X 10_10_3) AppleWebKit/537.36 (KHTML, like Gecko) Chrome/51.0.2704.103 Safari/537.36"
::1 - - [Fri, 05 Aug 2016 22:25:22 GMT] "GET /css/bootstrap.css HTTP/1.1" 304 - "http://localhost:5678/login" "Mozilla/5.0 (Macintosh; Intel Mac OS X 10_10_3) AppleWebKit/537.36 (KHTML, like Gecko) Chrome/51.0.2704.103 Safari/537.36"
::1 - - [Fri, 05 Aug 2016 23:14:16 GMT] "GET /css/bootstrap.css HTTP/1.1" 304 - "http://localhost:5678/login" "Mozilla/5.0 (Macintosh; Intel Mac OS X 10_10_3) AppleWebKit/537.36 (KHTML, like Gecko) Chrome/51.0.2704.103 Safari/537.36"
::1 - - [Fri, 05 Aug 2016 23:15:59 GMT] "GET /login HTTP/1.1" 200 1453 "http://localhost:5678/" "Mozilla/5.0 (Macintosh; Intel Mac OS X 10_10_3) AppleWebKit/537.36 (KHTML, like Gecko) Chrome/51.0.2704.103 Safari/537.36"
::1 - - [Fri, 05 Aug 2016 23:15:59 GMT] "GET /css/bootstrap.css HTTP/1.1" 304 - "http://localhost:5678/login" "Mozilla/5.0 (Macintosh; Intel Mac OS X 10_10_3) AppleWebKit/537.36 (KHTML, like Gecko) Chrome/51.0.2704.103 Safari/537.36"
::1 - - [Fri, 05 Aug 2016 23:16:10 GMT] "GET /login HTTP/1.1" 304 - "http://localhost:5678/" "Mozilla/5.0 (Macintosh; Intel Mac OS X 10_10_3) AppleWebKit/537.36 (KHTML, like Gecko) Chrome/51.0.2704.103 Safari/537.36"
::1 - - [Fri, 05 Aug 2016 23:16:10 GMT] "GET /css/bootstrap.css HTTP/1.1" 304 - "http://localhost:5678/login" "Mozilla/5.0 (Macintosh; Intel Mac OS X 10_10_3) AppleWebKit/537.36 (KHTML, like Gecko) Chrome/51.0.2704.103 Safari/537.36"
::1 - - [Fri, 05 Aug 2016 23:16:18 GMT] "POST /login HTTP/1.1" 302 56 "http://localhost:5678/login" "Mozilla/5.0 (Macintosh; Intel Mac OS X 10_10_3) AppleWebKit/537.36 (KHTML, like Gecko) Chrome/51.0.2704.103 Safari/537.36"
::1 - - [Fri, 05 Aug 2016 23:16:18 GMT] "GET /login HTTP/1.1" 200 1485 "http://localhost:5678/login" "Mozilla/5.0 (Macintosh; Intel Mac OS X 10_10_3) AppleWebKit/537.36 (KHTML, like Gecko) Chrome/51.0.2704.103 Safari/537.36"
::1 - - [Fri, 05 Aug 2016 23:16:18 GMT] "GET /css/bootstrap.css HTTP/1.1" 304 - "http://localhost:5678/login" "Mozilla/5.0 (Macintosh; Intel Mac OS X 10_10_3) AppleWebKit/537.36 (KHTML, like Gecko) Chrome/51.0.2704.103 Safari/537.36"
::1 - - [Fri, 05 Aug 2016 23:16:21 GMT] "GET /login HTTP/1.1" 200 1453 "http://localhost:5678/login" "Mozilla/5.0 (Macintosh; Intel Mac OS X 10_10_3) AppleWebKit/537.36 (KHTML, like Gecko) Chrome/51.0.2704.103 Safari/537.36"
::1 - - [Fri, 05 Aug 2016 23:16:21 GMT] "GET /css/bootstrap.css HTTP/1.1" 304 - "http://localhost:5678/login" "Mozilla/5.0 (Macintosh; Intel Mac OS X 10_10_3) AppleWebKit/537.36 (KHTML, like Gecko) Chrome/51.0.2704.103 Safari/537.36"
::1 - - [Fri, 05 Aug 2016 23:16:42 GMT] "GET / HTTP/1.1" 200 1019 "-" "Mozilla/5.0 (Macintosh; Intel Mac OS X 10.10; rv:47.0) Gecko/20100101 Firefox/47.0"
::1 - - [Fri, 05 Aug 2016 23:16:43 GMT] "GET /css/bootstrap.css HTTP/1.1" 200 132 "http://localhost:5678/" "Mozilla/5.0 (Macintosh; Intel Mac OS X 10.10; rv:47.0) Gecko/20100101 Firefox/47.0"
::1 - - [Fri, 05 Aug 2016 23:16:45 GMT] "GET /login HTTP/1.1" 200 1453 "http://localhost:5678/" "Mozilla/5.0 (Macintosh; Intel Mac OS X 10.10; rv:47.0) Gecko/20100101 Firefox/47.0"
::1 - - [Fri, 05 Aug 2016 23:16:45 GMT] "GET /css/bootstrap.css HTTP/1.1" 304 - "http://localhost:5678/login" "Mozilla/5.0 (Macintosh; Intel Mac OS X 10.10; rv:47.0) Gecko/20100101 Firefox/47.0"
::1 - - [Fri, 05 Aug 2016 23:16:50 GMT] "GET /reg HTTP/1.1" 200 1635 "http://localhost:5678/login" "Mozilla/5.0 (Macintosh; Intel Mac OS X 10.10; rv:47.0) Gecko/20100101 Firefox/47.0"
::1 - - [Fri, 05 Aug 2016 23:16:50 GMT] "GET /css/bootstrap.css HTTP/1.1" 304 - "http://localhost:5678/reg" "Mozilla/5.0 (Macintosh; Intel Mac OS X 10.10; rv:47.0) Gecko/20100101 Firefox/47.0"
::1 - - [Fri, 05 Aug 2016 23:16:51 GMT] "GET /login HTTP/1.1" 304 - "http://localhost:5678/reg" "Mozilla/5.0 (Macintosh; Intel Mac OS X 10.10; rv:47.0) Gecko/20100101 Firefox/47.0"
::1 - - [Fri, 05 Aug 2016 23:16:51 GMT] "GET /css/bootstrap.css HTTP/1.1" 304 - "http://localhost:5678/login" "Mozilla/5.0 (Macintosh; Intel Mac OS X 10.10; rv:47.0) Gecko/20100101 Firefox/47.0"
::1 - - [Fri, 05 Aug 2016 23:17:08 GMT] "GET / HTTP/1.1" 304 - "http://localhost:5678/login" "Mozilla/5.0 (Macintosh; Intel Mac OS X 10.10; rv:47.0) Gecko/20100101 Firefox/47.0"
::1 - - [Fri, 05 Aug 2016 23:17:09 GMT] "GET /css/bootstrap.css HTTP/1.1" 304 - "http://localhost:5678/" "Mozilla/5.0 (Macintosh; Intel Mac OS X 10.10; rv:47.0) Gecko/20100101 Firefox/47.0"
::1 - - [Fri, 05 Aug 2016 23:17:10 GMT] "GET /login HTTP/1.1" 200 1462 "http://localhost:5678/" "Mozilla/5.0 (Macintosh; Intel Mac OS X 10.10; rv:47.0) Gecko/20100101 Firefox/47.0"
::1 - - [Fri, 05 Aug 2016 23:17:10 GMT] "GET /css/bootstrap.css HTTP/1.1" 304 - "http://localhost:5678/login" "Mozilla/5.0 (Macintosh; Intel Mac OS X 10.10; rv:47.0) Gecko/20100101 Firefox/47.0"
::1 - - [Fri, 05 Aug 2016 23:20:17 GMT] "GET / HTTP/1.1" 304 - "http://localhost:5678/login" "Mozilla/5.0 (Macintosh; Intel Mac OS X 10_10_3) AppleWebKit/537.36 (KHTML, like Gecko) Chrome/51.0.2704.103 Safari/537.36"
::1 - - [Fri, 05 Aug 2016 23:20:17 GMT] "GET /css/bootstrap.css HTTP/1.1" 304 - "http://localhost:5678/" "Mozilla/5.0 (Macintosh; Intel Mac OS X 10_10_3) AppleWebKit/537.36 (KHTML, like Gecko) Chrome/51.0.2704.103 Safari/537.36"
::1 - - [Fri, 05 Aug 2016 23:20:19 GMT] "GET /login HTTP/1.1" 200 1462 "http://localhost:5678/" "Mozilla/5.0 (Macintosh; Intel Mac OS X 10_10_3) AppleWebKit/537.36 (KHTML, like Gecko) Chrome/51.0.2704.103 Safari/537.36"
::1 - - [Fri, 05 Aug 2016 23:20:19 GMT] "GET /css/bootstrap.css HTTP/1.1" 304 - "http://localhost:5678/login" "Mozilla/5.0 (Macintosh; Intel Mac OS X 10_10_3) AppleWebKit/537.36 (KHTML, like Gecko) Chrome/51.0.2704.103 Safari/537.36"
::1 - - [Fri, 05 Aug 2016 23:20:37 GMT] "GET /tags HTTP/1.1" 304 - "http://localhost:5678/login" "Mozilla/5.0 (Macintosh; Intel Mac OS X 10_10_3) AppleWebKit/537.36 (KHTML, like Gecko) Chrome/51.0.2704.103 Safari/537.36"
::1 - - [Fri, 05 Aug 2016 23:38:05 GMT] "GET /login HTTP/1.1" 200 1393 "http://localhost:5678/" "Mozilla/5.0 (Macintosh; Intel Mac OS X 10_10_3) AppleWebKit/537.36 (KHTML, like Gecko) Chrome/51.0.2704.103 Safari/537.36"
::1 - - [Fri, 05 Aug 2016 23:38:05 GMT] "GET /css/bootstrap.css HTTP/1.1" 304 - "http://localhost:5678/login" "Mozilla/5.0 (Macintosh; Intel Mac OS X 10_10_3) AppleWebKit/537.36 (KHTML, like Gecko) Chrome/51.0.2704.103 Safari/537.36"
::1 - - [Fri, 05 Aug 2016 23:58:21 GMT] "GET /login HTTP/1.1" 304 - "http://localhost:5678/" "Mozilla/5.0 (Macintosh; Intel Mac OS X 10_10_3) AppleWebKit/537.36 (KHTML, like Gecko) Chrome/51.0.2704.103 Safari/537.36"
::1 - - [Fri, 05 Aug 2016 23:58:22 GMT] "GET /css/bootstrap.css HTTP/1.1" 304 - "http://localhost:5678/login" "Mozilla/5.0 (Macintosh; Intel Mac OS X 10_10_3) AppleWebKit/537.36 (KHTML, like Gecko) Chrome/51.0.2704.103 Safari/537.36"
::1 - - [Fri, 05 Aug 2016 23:58:55 GMT] "POST /login HTTP/1.1" 302 46 "http://localhost:5678/login" "Mozilla/5.0 (Macintosh; Intel Mac OS X 10_10_3) AppleWebKit/537.36 (KHTML, like Gecko) Chrome/51.0.2704.103 Safari/537.36"
::1 - - [Fri, 05 Aug 2016 23:58:55 GMT] "GET / HTTP/1.1" 200 1131 "http://localhost:5678/login" "Mozilla/5.0 (Macintosh; Intel Mac OS X 10_10_3) AppleWebKit/537.36 (KHTML, like Gecko) Chrome/51.0.2704.103 Safari/537.36"
::1 - - [Fri, 05 Aug 2016 23:58:55 GMT] "GET /css/bootstrap.css HTTP/1.1" 304 - "http://localhost:5678/" "Mozilla/5.0 (Macintosh; Intel Mac OS X 10_10_3) AppleWebKit/537.36 (KHTML, like Gecko) Chrome/51.0.2704.103 Safari/537.36"
::1 - - [Fri, 05 Aug 2016 23:58:57 GMT] "GET /post HTTP/1.1" 200 1566 "http://localhost:5678/" "Mozilla/5.0 (Macintosh; Intel Mac OS X 10_10_3) AppleWebKit/537.36 (KHTML, like Gecko) Chrome/51.0.2704.103 Safari/537.36"
::1 - - [Fri, 05 Aug 2016 23:58:57 GMT] "GET /css/bootstrap.css HTTP/1.1" 304 - "http://localhost:5678/post" "Mozilla/5.0 (Macintosh; Intel Mac OS X 10_10_3) AppleWebKit/537.36 (KHTML, like Gecko) Chrome/51.0.2704.103 Safari/537.36"
::1 - - [Fri, 05 Aug 2016 23:59:54 GMT] "POST /post HTTP/1.1" 302 46 "http://localhost:5678/post" "Mozilla/5.0 (Macintosh; Intel Mac OS X 10_10_3) AppleWebKit/537.36 (KHTML, like Gecko) Chrome/51.0.2704.103 Safari/537.36"
::1 - - [Fri, 05 Aug 2016 23:59:54 GMT] "GET / HTTP/1.1" 200 1686 "http://localhost:5678/post" "Mozilla/5.0 (Macintosh; Intel Mac OS X 10_10_3) AppleWebKit/537.36 (KHTML, like Gecko) Chrome/51.0.2704.103 Safari/537.36"
::1 - - [Fri, 05 Aug 2016 23:59:54 GMT] "GET /css/bootstrap.css HTTP/1.1" 304 - "http://localhost:5678/" "Mozilla/5.0 (Macintosh; Intel Mac OS X 10_10_3) AppleWebKit/537.36 (KHTML, like Gecko) Chrome/51.0.2704.103 Safari/537.36"
::1 - - [Fri, 05 Aug 2016 23:59:58 GMT] "GET /tags HTTP/1.1" 304 - "http://localhost:5678/" "Mozilla/5.0 (Macintosh; Intel Mac OS X 10_10_3) AppleWebKit/537.36 (KHTML, like Gecko) Chrome/51.0.2704.103 Safari/537.36"
::1 - - [Sat, 06 Aug 2016 00:00:03 GMT] "GET /tags/%E6%88%91 HTTP/1.1" 200 1247 "http://localhost:5678/" "Mozilla/5.0 (Macintosh; Intel Mac OS X 10_10_3) AppleWebKit/537.36 (KHTML, like Gecko) Chrome/51.0.2704.103 Safari/537.36"
::1 - - [Sat, 06 Aug 2016 00:00:03 GMT] "GET /css/bootstrap.css HTTP/1.1" 304 - "http://localhost:5678/tags/%E6%88%91" "Mozilla/5.0 (Macintosh; Intel Mac OS X 10_10_3) AppleWebKit/537.36 (KHTML, like Gecko) Chrome/51.0.2704.103 Safari/537.36"
::1 - - [Sat, 06 Aug 2016 00:00:08 GMT] "GET /tags HTTP/1.1" 304 - "http://localhost:5678/tags/%E6%88%91" "Mozilla/5.0 (Macintosh; Intel Mac OS X 10_10_3) AppleWebKit/537.36 (KHTML, like Gecko) Chrome/51.0.2704.103 Safari/537.36"
::1 - - [Sat, 06 Aug 2016 00:09:02 GMT] "GET /tags HTTP/1.1" 404 17 "http://localhost:5678/tags/%E6%88%91" "Mozilla/5.0 (Macintosh; Intel Mac OS X 10_10_3) AppleWebKit/537.36 (KHTML, like Gecko) Chrome/51.0.2704.103 Safari/537.36"
::1 - - [Sat, 06 Aug 2016 00:09:46 GMT] "GET /tags/%E6%88%91 HTTP/1.1" 304 - "http://localhost:5678/" "Mozilla/5.0 (Macintosh; Intel Mac OS X 10_10_3) AppleWebKit/537.36 (KHTML, like Gecko) Chrome/51.0.2704.103 Safari/537.36"
::1 - - [Sat, 06 Aug 2016 00:09:46 GMT] "GET /css/bootstrap.css HTTP/1.1" 404 30 "http://localhost:5678/tags/%E6%88%91" "Mozilla/5.0 (Macintosh; Intel Mac OS X 10_10_3) AppleWebKit/537.36 (KHTML, like Gecko) Chrome/51.0.2704.103 Safari/537.36"
::1 - - [Sat, 06 Aug 2016 00:09:48 GMT] "GET /tags HTTP/1.1" 404 17 "http://localhost:5678/tags/%E6%88%91" "Mozilla/5.0 (Macintosh; Intel Mac OS X 10_10_3) AppleWebKit/537.36 (KHTML, like Gecko) Chrome/51.0.2704.103 Safari/537.36"
::1 - - [Sat, 06 Aug 2016 00:12:06 GMT] "GET /tags HTTP/1.1" 404 17 "http://localhost:5678/tags/%E6%88%91" "Mozilla/5.0 (Macintosh; Intel Mac OS X 10_10_3) AppleWebKit/537.36 (KHTML, like Gecko) Chrome/51.0.2704.103 Safari/537.36"
::1 - - [Sat, 06 Aug 2016 00:12:07 GMT] "GET /css/bootstrap.css HTTP/1.1" 404 30 "http://localhost:5678/tags/%E6%88%91" "Mozilla/5.0 (Macintosh; Intel Mac OS X 10_10_3) AppleWebKit/537.36 (KHTML, like Gecko) Chrome/51.0.2704.103 Safari/537.36"
::1 - - [Sat, 06 Aug 2016 00:12:09 GMT] "GET /tags HTTP/1.1" 404 17 "http://localhost:5678/tags/%E6%88%91" "Mozilla/5.0 (Macintosh; Intel Mac OS X 10_10_3) AppleWebKit/537.36 (KHTML, like Gecko) Chrome/51.0.2704.103 Safari/537.36"
::1 - - [Sat, 06 Aug 2016 00:16:08 GMT] "GET /tags HTTP/1.1" 404 17 "http://localhost:5678/tags/%E6%88%91" "Mozilla/5.0 (Macintosh; Intel Mac OS X 10_10_3) AppleWebKit/537.36 (KHTML, like Gecko) Chrome/51.0.2704.103 Safari/537.36"
::1 - - [Sat, 06 Aug 2016 00:17:24 GMT] "GET /tags HTTP/1.1" 404 17 "http://localhost:5678/tags/%E6%88%91" "Mozilla/5.0 (Macintosh; Intel Mac OS X 10_10_3) AppleWebKit/537.36 (KHTML, like Gecko) Chrome/51.0.2704.103 Safari/537.36"
::1 - - [Sat, 06 Aug 2016 00:17:27 GMT] "GET /tags HTTP/1.1" 404 17 "http://localhost:5678/tags/%E6%88%91" "Mozilla/5.0 (Macintosh; Intel Mac OS X 10_10_3) AppleWebKit/537.36 (KHTML, like Gecko) Chrome/51.0.2704.103 Safari/537.36"
::1 - - [Sat, 06 Aug 2016 00:17:49 GMT] "GET / HTTP/1.1" 200 1588 "-" "Mozilla/5.0 (Macintosh; Intel Mac OS X 10.10; rv:47.0) Gecko/20100101 Firefox/47.0"
::1 - - [Sat, 06 Aug 2016 00:17:49 GMT] "GET /css/bootstrap.css HTTP/1.1" 404 30 "http://localhost:5678/" "Mozilla/5.0 (Macintosh; Intel Mac OS X 10.10; rv:47.0) Gecko/20100101 Firefox/47.0"
::1 - - [Sat, 06 Aug 2016 00:18:09 GMT] "GET /tags HTTP/1.1" 404 17 "http://localhost:5678/" "Mozilla/5.0 (Macintosh; Intel Mac OS X 10.10; rv:47.0) Gecko/20100101 Firefox/47.0"
::1 - - [Sat, 06 Aug 2016 00:24:45 GMT] "GET /tags HTTP/1.1" 200 1220 "http://localhost:5678/tags/%E6%88%91" "Mozilla/5.0 (Macintosh; Intel Mac OS X 10_10_3) AppleWebKit/537.36 (KHTML, like Gecko) Chrome/51.0.2704.103 Safari/537.36"
::1 - - [Sat, 06 Aug 2016 00:24:45 GMT] "GET /css/bootstrap.css HTTP/1.1" 404 30 "http://localhost:5678/tags" "Mozilla/5.0 (Macintosh; Intel Mac OS X 10_10_3) AppleWebKit/537.36 (KHTML, like Gecko) Chrome/51.0.2704.103 Safari/537.36"
::1 - - [Sat, 06 Aug 2016 00:25:07 GMT] "GET /tags/%E6%88%91 HTTP/1.1" 304 - "http://localhost:5678/tags" "Mozilla/5.0 (Macintosh; Intel Mac OS X 10_10_3) AppleWebKit/537.36 (KHTML, like Gecko) Chrome/51.0.2704.103 Safari/537.36"
::1 - - [Sat, 06 Aug 2016 00:25:07 GMT] "GET /css/bootstrap.css HTTP/1.1" 404 30 "http://localhost:5678/tags/%E6%88%91" "Mozilla/5.0 (Macintosh; Intel Mac OS X 10_10_3) AppleWebKit/537.36 (KHTML, like Gecko) Chrome/51.0.2704.103 Safari/537.36"
::1 - - [Sat, 06 Aug 2016 00:25:10 GMT] "GET /tags/%E4%B8%8B HTTP/1.1" 200 1247 "http://localhost:5678/tags" "Mozilla/5.0 (Macintosh; Intel Mac OS X 10_10_3) AppleWebKit/537.36 (KHTML, like Gecko) Chrome/51.0.2704.103 Safari/537.36"
::1 - - [Sat, 06 Aug 2016 00:25:11 GMT] "GET /css/bootstrap.css HTTP/1.1" 404 30 "http://localhost:5678/tags/%E4%B8%8B" "Mozilla/5.0 (Macintosh; Intel Mac OS X 10_10_3) AppleWebKit/537.36 (KHTML, like Gecko) Chrome/51.0.2704.103 Safari/537.36"
::1 - - [Sat, 06 Aug 2016 00:27:40 GMT] "GET /tags HTTP/1.1" 200 1211 "http://localhost:5678/tags/%E6%88%91" "Mozilla/5.0 (Macintosh; Intel Mac OS X 10_10_3) AppleWebKit/537.36 (KHTML, like Gecko) Chrome/51.0.2704.103 Safari/537.36"
::1 - - [Sat, 06 Aug 2016 00:27:40 GMT] "GET /css/bootstrap.css HTTP/1.1" 404 30 "http://localhost:5678/tags" "Mozilla/5.0 (Macintosh; Intel Mac OS X 10_10_3) AppleWebKit/537.36 (KHTML, like Gecko) Chrome/51.0.2704.103 Safari/537.36"
::1 - - [Sat, 06 Aug 2016 00:27:41 GMT] "GET /home HTTP/1.1" 500 - "http://localhost:5678/tags" "Mozilla/5.0 (Macintosh; Intel Mac OS X 10_10_3) AppleWebKit/537.36 (KHTML, like Gecko) Chrome/51.0.2704.103 Safari/537.36"
::1 - - [Sat, 06 Aug 2016 01:08:43 GMT] "GET /tags HTTP/1.1" 200 1101 "http://localhost:5678/tags/%E6%88%91" "Mozilla/5.0 (Macintosh; Intel Mac OS X 10_10_3) AppleWebKit/537.36 (KHTML, like Gecko) Chrome/51.0.2704.103 Safari/537.36"
::1 - - [Sat, 06 Aug 2016 01:08:43 GMT] "GET /css/bootstrap.css HTTP/1.1" 404 30 "http://localhost:5678/tags" "Mozilla/5.0 (Macintosh; Intel Mac OS X 10_10_3) AppleWebKit/537.36 (KHTML, like Gecko) Chrome/51.0.2704.103 Safari/537.36"
::1 - - [Sat, 06 Aug 2016 01:08:44 GMT] "GET / HTTP/1.1" 200 1537 "http://localhost:5678/tags" "Mozilla/5.0 (Macintosh; Intel Mac OS X 10_10_3) AppleWebKit/537.36 (KHTML, like Gecko) Chrome/51.0.2704.103 Safari/537.36"
::1 - - [Sat, 06 Aug 2016 01:08:44 GMT] "GET /css/bootstrap.css HTTP/1.1" 404 30 "http://localhost:5678/" "Mozilla/5.0 (Macintosh; Intel Mac OS X 10_10_3) AppleWebKit/537.36 (KHTML, like Gecko) Chrome/51.0.2704.103 Safari/537.36"
::1 - - [Sat, 06 Aug 2016 01:49:26 GMT] "GET / HTTP/1.1" 304 - "http://localhost:5678/tags" "Mozilla/5.0 (Macintosh; Intel Mac OS X 10_10_3) AppleWebKit/537.36 (KHTML, like Gecko) Chrome/51.0.2704.103 Safari/537.36"
::1 - - [Sat, 06 Aug 2016 01:49:26 GMT] "GET /css/bootstrap.css HTTP/1.1" 200 132 "http://localhost:5678/" "Mozilla/5.0 (Macintosh; Intel Mac OS X 10_10_3) AppleWebKit/537.36 (KHTML, like Gecko) Chrome/51.0.2704.103 Safari/537.36"
::1 - - [Sat, 06 Aug 2016 01:49:31 GMT] "GET /blog/woyouhuilaile/2016-8-6/%E6%80%8E%E4%B9%88%E8%AE%B2%E5%91%A2 HTTP/1.1" 200 1835 "http://localhost:5678/" "Mozilla/5.0 (Macintosh; Intel Mac OS X 10_10_3) AppleWebKit/537.36 (KHTML, like Gecko) Chrome/51.0.2704.103 Safari/537.36"
::1 - - [Sat, 06 Aug 2016 01:49:31 GMT] "GET /css/bootstrap.css HTTP/1.1" 304 - "http://localhost:5678/blog/woyouhuilaile/2016-8-6/%E6%80%8E%E4%B9%88%E8%AE%B2%E5%91%A2" "Mozilla/5.0 (Macintosh; Intel Mac OS X 10_10_3) AppleWebKit/537.36 (KHTML, like Gecko) Chrome/51.0.2704.103 Safari/537.36"
::1 - - [Sat, 06 Aug 2016 01:49:40 GMT] "GET /reg HTTP/1.1" 200 1600 "http://localhost:5678/blog/woyouhuilaile/2016-8-6/%E6%80%8E%E4%B9%88%E8%AE%B2%E5%91%A2" "Mozilla/5.0 (Macintosh; Intel Mac OS X 10_10_3) AppleWebKit/537.36 (KHTML, like Gecko) Chrome/51.0.2704.103 Safari/537.36"
::1 - - [Sat, 06 Aug 2016 01:49:40 GMT] "GET /css/bootstrap.css HTTP/1.1" 304 - "http://localhost:5678/reg" "Mozilla/5.0 (Macintosh; Intel Mac OS X 10_10_3) AppleWebKit/537.36 (KHTML, like Gecko) Chrome/51.0.2704.103 Safari/537.36"
::1 - - [Sat, 06 Aug 2016 01:50:09 GMT] "POST /reg HTTP/1.1" 302 46 "http://localhost:5678/reg" "Mozilla/5.0 (Macintosh; Intel Mac OS X 10_10_3) AppleWebKit/537.36 (KHTML, like Gecko) Chrome/51.0.2704.103 Safari/537.36"
::1 - - [Sat, 06 Aug 2016 01:50:09 GMT] "GET / HTTP/1.1" 200 1633 "http://localhost:5678/reg" "Mozilla/5.0 (Macintosh; Intel Mac OS X 10_10_3) AppleWebKit/537.36 (KHTML, like Gecko) Chrome/51.0.2704.103 Safari/537.36"
::1 - - [Sat, 06 Aug 2016 01:50:09 GMT] "GET /css/bootstrap.css HTTP/1.1" 304 - "http://localhost:5678/" "Mozilla/5.0 (Macintosh; Intel Mac OS X 10_10_3) AppleWebKit/537.36 (KHTML, like Gecko) Chrome/51.0.2704.103 Safari/537.36"
::1 - - [Sat, 06 Aug 2016 01:50:16 GMT] "GET /blog/woyouhuilaile/2016-8-6/%E6%80%8E%E4%B9%88%E8%AE%B2%E5%91%A2 HTTP/1.1" 200 2064 "http://localhost:5678/" "Mozilla/5.0 (Macintosh; Intel Mac OS X 10_10_3) AppleWebKit/537.36 (KHTML, like Gecko) Chrome/51.0.2704.103 Safari/537.36"
::1 - - [Sat, 06 Aug 2016 01:50:16 GMT] "GET /css/bootstrap.css HTTP/1.1" 304 - "http://localhost:5678/blog/woyouhuilaile/2016-8-6/%E6%80%8E%E4%B9%88%E8%AE%B2%E5%91%A2" "Mozilla/5.0 (Macintosh; Intel Mac OS X 10_10_3) AppleWebKit/537.36 (KHTML, like Gecko) Chrome/51.0.2704.103 Safari/537.36"
::1 - - [Sat, 06 Aug 2016 01:51:22 GMT] "GET / HTTP/1.1" 200 1052 "-" "Mozilla/5.0 (Macintosh; Intel Mac OS X 10_10_3) AppleWebKit/537.36 (KHTML, like Gecko) Chrome/51.0.2704.103 Safari/537.36"
::1 - - [Sat, 06 Aug 2016 01:51:22 GMT] "GET /css/bootstrap.css HTTP/1.1" 304 - "http://localhost:5678/" "Mozilla/5.0 (Macintosh; Intel Mac OS X 10_10_3) AppleWebKit/537.36 (KHTML, like Gecko) Chrome/51.0.2704.103 Safari/537.36"
::1 - - [Sat, 06 Aug 2016 01:51:27 GMT] "GET /post HTTP/1.1" 200 1515 "http://localhost:5678/" "Mozilla/5.0 (Macintosh; Intel Mac OS X 10_10_3) AppleWebKit/537.36 (KHTML, like Gecko) Chrome/51.0.2704.103 Safari/537.36"
::1 - - [Sat, 06 Aug 2016 01:51:27 GMT] "GET /css/bootstrap.css HTTP/1.1" 304 - "http://localhost:5678/post" "Mozilla/5.0 (Macintosh; Intel Mac OS X 10_10_3) AppleWebKit/537.36 (KHTML, like Gecko) Chrome/51.0.2704.103 Safari/537.36"
::1 - - [Sat, 06 Aug 2016 01:51:50 GMT] "POST /post HTTP/1.1" 302 46 "http://localhost:5678/post" "Mozilla/5.0 (Macintosh; Intel Mac OS X 10_10_3) AppleWebKit/537.36 (KHTML, like Gecko) Chrome/51.0.2704.103 Safari/537.36"
::1 - - [Sat, 06 Aug 2016 01:51:50 GMT] "GET / HTTP/1.1" 200 1719 "http://localhost:5678/post" "Mozilla/5.0 (Macintosh; Intel Mac OS X 10_10_3) AppleWebKit/537.36 (KHTML, like Gecko) Chrome/51.0.2704.103 Safari/537.36"
::1 - - [Sat, 06 Aug 2016 01:51:50 GMT] "GET /css/bootstrap.css HTTP/1.1" 304 - "http://localhost:5678/" "Mozilla/5.0 (Macintosh; Intel Mac OS X 10_10_3) AppleWebKit/537.36 (KHTML, like Gecko) Chrome/51.0.2704.103 Safari/537.36"
::1 - - [Sat, 06 Aug 2016 01:52:09 GMT] "GET /blog/kirin0918/2016-8-6/%E5%A4%A9%E6%B0%94%E5%A4%9F%E7%83%AD%E7%9A%84 HTTP/1.1" 200 2166 "http://localhost:5678/" "Mozilla/5.0 (Macintosh; Intel Mac OS X 10_10_3) AppleWebKit/537.36 (KHTML, like Gecko) Chrome/51.0.2704.103 Safari/537.36"
::1 - - [Sat, 06 Aug 2016 01:52:09 GMT] "GET /css/bootstrap.css HTTP/1.1" 304 - "http://localhost:5678/blog/kirin0918/2016-8-6/%E5%A4%A9%E6%B0%94%E5%A4%9F%E7%83%AD%E7%9A%84" "Mozilla/5.0 (Macintosh; Intel Mac OS X 10_10_3) AppleWebKit/537.36 (KHTML, like Gecko) Chrome/51.0.2704.103 Safari/537.36"
::1 - - [Sat, 06 Aug 2016 01:52:35 GMT] "POST /blog/kirin0918/2016-8-6/%E5%A4%A9%E6%B0%94%E5%A4%9F%E7%83%AD%E7%9A%84 HTTP/1.1" 302 226 "http://localhost:5678/blog/kirin0918/2016-8-6/%E5%A4%A9%E6%B0%94%E5%A4%9F%E7%83%AD%E7%9A%84" "Mozilla/5.0 (Macintosh; Intel Mac OS X 10_10_3) AppleWebKit/537.36 (KHTML, like Gecko) Chrome/51.0.2704.103 Safari/537.36"
::1 - - [Sat, 06 Aug 2016 01:52:35 GMT] "GET /blog/kirin0918/2016-8-6/%E5%A4%A9%E6%B0%94%E5%A4%9F%E7%83%AD%E7%9A%84 HTTP/1.1" 200 2569 "http://localhost:5678/blog/kirin0918/2016-8-6/%E5%A4%A9%E6%B0%94%E5%A4%9F%E7%83%AD%E7%9A%84" "Mozilla/5.0 (Macintosh; Intel Mac OS X 10_10_3) AppleWebKit/537.36 (KHTML, like Gecko) Chrome/51.0.2704.103 Safari/537.36"
::1 - - [Sat, 06 Aug 2016 01:52:35 GMT] "GET /css/bootstrap.css HTTP/1.1" 304 - "http://localhost:5678/blog/kirin0918/2016-8-6/%E5%A4%A9%E6%B0%94%E5%A4%9F%E7%83%AD%E7%9A%84" "Mozilla/5.0 (Macintosh; Intel Mac OS X 10_10_3) AppleWebKit/537.36 (KHTML, like Gecko) Chrome/51.0.2704.103 Safari/537.36"
::1 - - [Sat, 06 Aug 2016 01:52:48 GMT] "GET /blog/kirin0918 HTTP/1.1" 200 1860 "http://localhost:5678/blog/kirin0918/2016-8-6/%E5%A4%A9%E6%B0%94%E5%A4%9F%E7%83%AD%E7%9A%84" "Mozilla/5.0 (Macintosh; Intel Mac OS X 10_10_3) AppleWebKit/537.36 (KHTML, like Gecko) Chrome/51.0.2704.103 Safari/537.36"
::1 - - [Sat, 06 Aug 2016 01:52:48 GMT] "GET /css/bootstrap.css HTTP/1.1" 304 - "http://localhost:5678/blog/kirin0918" "Mozilla/5.0 (Macintosh; Intel Mac OS X 10_10_3) AppleWebKit/537.36 (KHTML, like Gecko) Chrome/51.0.2704.103 Safari/537.36"
::1 - - [Sat, 06 Aug 2016 01:53:00 GMT] "GET /logout HTTP/1.1" 302 46 "http://localhost:5678/blog/kirin0918" "Mozilla/5.0 (Macintosh; Intel Mac OS X 10_10_3) AppleWebKit/537.36 (KHTML, like Gecko) Chrome/51.0.2704.103 Safari/537.36"
::1 - - [Sat, 06 Aug 2016 01:53:00 GMT] "GET / HTTP/1.1" 200 1657 "http://localhost:5678/blog/kirin0918" "Mozilla/5.0 (Macintosh; Intel Mac OS X 10_10_3) AppleWebKit/537.36 (KHTML, like Gecko) Chrome/51.0.2704.103 Safari/537.36"
::1 - - [Sat, 06 Aug 2016 01:53:00 GMT] "GET /css/bootstrap.css HTTP/1.1" 304 - "http://localhost:5678/" "Mozilla/5.0 (Macintosh; Intel Mac OS X 10_10_3) AppleWebKit/537.36 (KHTML, like Gecko) Chrome/51.0.2704.103 Safari/537.36"
::1 - - [Sat, 06 Aug 2016 01:53:02 GMT] "GET /login HTTP/1.1" 200 1342 "http://localhost:5678/" "Mozilla/5.0 (Macintosh; Intel Mac OS X 10_10_3) AppleWebKit/537.36 (KHTML, like Gecko) Chrome/51.0.2704.103 Safari/537.36"
::1 - - [Sat, 06 Aug 2016 01:53:02 GMT] "GET /css/bootstrap.css HTTP/1.1" 304 - "http://localhost:5678/login" "Mozilla/5.0 (Macintosh; Intel Mac OS X 10_10_3) AppleWebKit/537.36 (KHTML, like Gecko) Chrome/51.0.2704.103 Safari/537.36"
::1 - - [Sat, 06 Aug 2016 01:53:10 GMT] "POST /login HTTP/1.1" 302 46 "http://localhost:5678/login" "Mozilla/5.0 (Macintosh; Intel Mac OS X 10_10_3) AppleWebKit/537.36 (KHTML, like Gecko) Chrome/51.0.2704.103 Safari/537.36"
::1 - - [Sat, 06 Aug 2016 01:53:10 GMT] "GET / HTTP/1.1" 200 1723 "http://localhost:5678/login" "Mozilla/5.0 (Macintosh; Intel Mac OS X 10_10_3) AppleWebKit/537.36 (KHTML, like Gecko) Chrome/51.0.2704.103 Safari/537.36"
::1 - - [Sat, 06 Aug 2016 01:53:10 GMT] "GET /css/bootstrap.css HTTP/1.1" 304 - "http://localhost:5678/" "Mozilla/5.0 (Macintosh; Intel Mac OS X 10_10_3) AppleWebKit/537.36 (KHTML, like Gecko) Chrome/51.0.2704.103 Safari/537.36"
::1 - - [Sat, 06 Aug 2016 01:53:14 GMT] "GET / HTTP/1.1" 200 1695 "http://localhost:5678/" "Mozilla/5.0 (Macintosh; Intel Mac OS X 10_10_3) AppleWebKit/537.36 (KHTML, like Gecko) Chrome/51.0.2704.103 Safari/537.36"
::1 - - [Sat, 06 Aug 2016 01:53:14 GMT] "GET /css/bootstrap.css HTTP/1.1" 304 - "http://localhost:5678/" "Mozilla/5.0 (Macintosh; Intel Mac OS X 10_10_3) AppleWebKit/537.36 (KHTML, like Gecko) Chrome/51.0.2704.103 Safari/537.36"
::1 - - [Sat, 06 Aug 2016 01:53:15 GMT] "GET /blog/kirin0918/2016-8-6/%E5%A4%A9%E6%B0%94%E5%A4%9F%E7%83%AD%E7%9A%84 HTTP/1.1" 200 2440 "http://localhost:5678/" "Mozilla/5.0 (Macintosh; Intel Mac OS X 10_10_3) AppleWebKit/537.36 (KHTML, like Gecko) Chrome/51.0.2704.103 Safari/537.36"
::1 - - [Sat, 06 Aug 2016 01:53:15 GMT] "GET /css/bootstrap.css HTTP/1.1" 304 - "http://localhost:5678/blog/kirin0918/2016-8-6/%E5%A4%A9%E6%B0%94%E5%A4%9F%E7%83%AD%E7%9A%84" "Mozilla/5.0 (Macintosh; Intel Mac OS X 10_10_3) AppleWebKit/537.36 (KHTML, like Gecko) Chrome/51.0.2704.103 Safari/537.36"
::1 - - [Sat, 06 Aug 2016 02:31:47 GMT] "GET / HTTP/1.1" 200 1052 "-" "Mozilla/5.0 (Macintosh; Intel Mac OS X 10_10_3) AppleWebKit/537.36 (KHTML, like Gecko) Chrome/51.0.2704.103 Safari/537.36"
::1 - - [Sat, 06 Aug 2016 02:31:47 GMT] "GET /css/bootstrap.css HTTP/1.1" 304 - "http://localhost:5678/" "Mozilla/5.0 (Macintosh; Intel Mac OS X 10_10_3) AppleWebKit/537.36 (KHTML, like Gecko) Chrome/51.0.2704.103 Safari/537.36"
::1 - - [Sat, 06 Aug 2016 02:31:51 GMT] "GET /post HTTP/1.1" 200 1515 "http://localhost:5678/" "Mozilla/5.0 (Macintosh; Intel Mac OS X 10_10_3) AppleWebKit/537.36 (KHTML, like Gecko) Chrome/51.0.2704.103 Safari/537.36"
::1 - - [Sat, 06 Aug 2016 02:31:51 GMT] "GET /css/bootstrap.css HTTP/1.1" 304 - "http://localhost:5678/post" "Mozilla/5.0 (Macintosh; Intel Mac OS X 10_10_3) AppleWebKit/537.36 (KHTML, like Gecko) Chrome/51.0.2704.103 Safari/537.36"
::1 - - [Sat, 06 Aug 2016 02:32:22 GMT] "POST /post HTTP/1.1" 302 46 "http://localhost:5678/post" "Mozilla/5.0 (Macintosh; Intel Mac OS X 10_10_3) AppleWebKit/537.36 (KHTML, like Gecko) Chrome/51.0.2704.103 Safari/537.36"
::1 - - [Sat, 06 Aug 2016 02:32:22 GMT] "GET / HTTP/1.1" 200 1648 "http://localhost:5678/post" "Mozilla/5.0 (Macintosh; Intel Mac OS X 10_10_3) AppleWebKit/537.36 (KHTML, like Gecko) Chrome/51.0.2704.103 Safari/537.36"
::1 - - [Sat, 06 Aug 2016 02:32:22 GMT] "GET /css/bootstrap.css HTTP/1.1" 304 - "http://localhost:5678/" "Mozilla/5.0 (Macintosh; Intel Mac OS X 10_10_3) AppleWebKit/537.36 (KHTML, like Gecko) Chrome/51.0.2704.103 Safari/537.36"
::1 - - [Sat, 06 Aug 2016 02:32:26 GMT] "GET /tags HTTP/1.1" 200 1229 "http://localhost:5678/" "Mozilla/5.0 (Macintosh; Intel Mac OS X 10_10_3) AppleWebKit/537.36 (KHTML, like Gecko) Chrome/51.0.2704.103 Safari/537.36"
::1 - - [Sat, 06 Aug 2016 02:32:26 GMT] "GET /css/bootstrap.css HTTP/1.1" 304 - "http://localhost:5678/tags" "Mozilla/5.0 (Macintosh; Intel Mac OS X 10_10_3) AppleWebKit/537.36 (KHTML, like Gecko) Chrome/51.0.2704.103 Safari/537.36"
::1 - - [Sat, 06 Aug 2016 02:32:29 GMT] "GET /links HTTP/1.1" 200 1273 "http://localhost:5678/tags" "Mozilla/5.0 (Macintosh; Intel Mac OS X 10_10_3) AppleWebKit/537.36 (KHTML, like Gecko) Chrome/51.0.2704.103 Safari/537.36"
::1 - - [Sat, 06 Aug 2016 02:32:29 GMT] "GET /css/bootstrap.css HTTP/1.1" 304 - "http://localhost:5678/links" "Mozilla/5.0 (Macintosh; Intel Mac OS X 10_10_3) AppleWebKit/537.36 (KHTML, like Gecko) Chrome/51.0.2704.103 Safari/537.36"
::1 - - [Sat, 06 Aug 2016 02:32:34 GMT] "GET /logout HTTP/1.1" 302 46 "http://localhost:5678/links" "Mozilla/5.0 (Macintosh; Intel Mac OS X 10_10_3) AppleWebKit/537.36 (KHTML, like Gecko) Chrome/51.0.2704.103 Safari/537.36"
::1 - - [Sat, 06 Aug 2016 02:32:34 GMT] "GET / HTTP/1.1" 200 1580 "http://localhost:5678/links" "Mozilla/5.0 (Macintosh; Intel Mac OS X 10_10_3) AppleWebKit/537.36 (KHTML, like Gecko) Chrome/51.0.2704.103 Safari/537.36"
::1 - - [Sat, 06 Aug 2016 02:32:34 GMT] "GET /css/bootstrap.css HTTP/1.1" 304 - "http://localhost:5678/" "Mozilla/5.0 (Macintosh; Intel Mac OS X 10_10_3) AppleWebKit/537.36 (KHTML, like Gecko) Chrome/51.0.2704.103 Safari/537.36"
::1 - - [Sat, 06 Aug 2016 02:32:37 GMT] "GET /blog/test/2016-8-6/%E7%BB%88%E7%BB%93 HTTP/1.1" 200 1857 "http://localhost:5678/" "Mozilla/5.0 (Macintosh; Intel Mac OS X 10_10_3) AppleWebKit/537.36 (KHTML, like Gecko) Chrome/51.0.2704.103 Safari/537.36"
::1 - - [Sat, 06 Aug 2016 02:32:37 GMT] "GET /css/bootstrap.css HTTP/1.1" 304 - "http://localhost:5678/blog/test/2016-8-6/%E7%BB%88%E7%BB%93" "Mozilla/5.0 (Macintosh; Intel Mac OS X 10_10_3) AppleWebKit/537.36 (KHTML, like Gecko) Chrome/51.0.2704.103 Safari/537.36"
::1 - - [Sat, 06 Aug 2016 02:32:41 GMT] "GET /login HTTP/1.1" 200 1342 "http://localhost:5678/blog/test/2016-8-6/%E7%BB%88%E7%BB%93" "Mozilla/5.0 (Macintosh; Intel Mac OS X 10_10_3) AppleWebKit/537.36 (KHTML, like Gecko) Chrome/51.0.2704.103 Safari/537.36"
::1 - - [Sat, 06 Aug 2016 02:32:41 GMT] "GET /css/bootstrap.css HTTP/1.1" 304 - "http://localhost:5678/login" "Mozilla/5.0 (Macintosh; Intel Mac OS X 10_10_3) AppleWebKit/537.36 (KHTML, like Gecko) Chrome/51.0.2704.103 Safari/537.36"
::1 - - [Sat, 06 Aug 2016 02:33:09 GMT] "POST /login HTTP/1.1" 302 46 "http://localhost:5678/login" "Mozilla/5.0 (Macintosh; Intel Mac OS X 10_10_3) AppleWebKit/537.36 (KHTML, like Gecko) Chrome/51.0.2704.103 Safari/537.36"
::1 - - [Sat, 06 Aug 2016 02:33:09 GMT] "GET / HTTP/1.1" 200 1646 "http://localhost:5678/login" "Mozilla/5.0 (Macintosh; Intel Mac OS X 10_10_3) AppleWebKit/537.36 (KHTML, like Gecko) Chrome/51.0.2704.103 Safari/537.36"
::1 - - [Sat, 06 Aug 2016 02:33:09 GMT] "GET /css/bootstrap.css HTTP/1.1" 304 - "http://localhost:5678/" "Mozilla/5.0 (Macintosh; Intel Mac OS X 10_10_3) AppleWebKit/537.36 (KHTML, like Gecko) Chrome/51.0.2704.103 Safari/537.36"
::1 - - [Sat, 06 Aug 2016 02:33:11 GMT] "GET / HTTP/1.1" 200 1618 "http://localhost:5678/" "Mozilla/5.0 (Macintosh; Intel Mac OS X 10_10_3) AppleWebKit/537.36 (KHTML, like Gecko) Chrome/51.0.2704.103 Safari/537.36"
::1 - - [Sat, 06 Aug 2016 02:33:11 GMT] "GET /css/bootstrap.css HTTP/1.1" 304 - "http://localhost:5678/" "Mozilla/5.0 (Macintosh; Intel Mac OS X 10_10_3) AppleWebKit/537.36 (KHTML, like Gecko) Chrome/51.0.2704.103 Safari/537.36"
::1 - - [Sat, 06 Aug 2016 02:33:12 GMT] "GET /blog/test/2016-8-6/%E7%BB%88%E7%BB%93 HTTP/1.1" 200 2071 "http://localhost:5678/" "Mozilla/5.0 (Macintosh; Intel Mac OS X 10_10_3) AppleWebKit/537.36 (KHTML, like Gecko) Chrome/51.0.2704.103 Safari/537.36"
::1 - - [Sat, 06 Aug 2016 02:33:12 GMT] "GET /css/bootstrap.css HTTP/1.1" 304 - "http://localhost:5678/blog/test/2016-8-6/%E7%BB%88%E7%BB%93" "Mozilla/5.0 (Macintosh; Intel Mac OS X 10_10_3) AppleWebKit/537.36 (KHTML, like Gecko) Chrome/51.0.2704.103 Safari/537.36"
::1 - - [Sat, 06 Aug 2016 02:39:05 GMT] "GET /blog/test/2016-8-6/%E7%BB%88%E7%BB%93 HTTP/1.1" 200 2071 "http://localhost:5678/" "Mozilla/5.0 (Macintosh; Intel Mac OS X 10_10_3) AppleWebKit/537.36 (KHTML, like Gecko) Chrome/51.0.2704.103 Safari/537.36"
::1 - - [Sat, 06 Aug 2016 02:39:05 GMT] "GET /css/bootstrap.css HTTP/1.1" 304 - "http://localhost:5678/blog/test/2016-8-6/%E7%BB%88%E7%BB%93" "Mozilla/5.0 (Macintosh; Intel Mac OS X 10_10_3) AppleWebKit/537.36 (KHTML, like Gecko) Chrome/51.0.2704.103 Safari/537.36"
::1 - - [Sat, 06 Aug 2016 02:41:21 GMT] "GET /blog/test/2016-8-6/%E7%BB%88%E7%BB%93 HTTP/1.1" 200 2071 "http://localhost:5678/" "Mozilla/5.0 (Macintosh; Intel Mac OS X 10_10_3) AppleWebKit/537.36 (KHTML, like Gecko) Chrome/51.0.2704.103 Safari/537.36"
::1 - - [Sat, 06 Aug 2016 02:41:21 GMT] "GET /css/bootstrap.css HTTP/1.1" 304 - "http://localhost:5678/blog/test/2016-8-6/%E7%BB%88%E7%BB%93" "Mozilla/5.0 (Macintosh; Intel Mac OS X 10_10_3) AppleWebKit/537.36 (KHTML, like Gecko) Chrome/51.0.2704.103 Safari/537.36"
::1 - - [Sat, 06 Aug 2016 02:44:43 GMT] "GET / HTTP/1.1" 200 1052 "-" "Mozilla/5.0 (Macintosh; Intel Mac OS X 10_10_3) AppleWebKit/537.36 (KHTML, like Gecko) Chrome/51.0.2704.103 Safari/537.36"
::1 - - [Sat, 06 Aug 2016 02:44:43 GMT] "GET /css/bootstrap.css HTTP/1.1" 304 - "http://localhost:5678/" "Mozilla/5.0 (Macintosh; Intel Mac OS X 10_10_3) AppleWebKit/537.36 (KHTML, like Gecko) Chrome/51.0.2704.103 Safari/537.36"
::1 - - [Sat, 06 Aug 2016 02:44:52 GMT] "GET /post HTTP/1.1" 200 1515 "http://localhost:5678/" "Mozilla/5.0 (Macintosh; Intel Mac OS X 10_10_3) AppleWebKit/537.36 (KHTML, like Gecko) Chrome/51.0.2704.103 Safari/537.36"
::1 - - [Sat, 06 Aug 2016 02:44:52 GMT] "GET /css/bootstrap.css HTTP/1.1" 304 - "http://localhost:5678/post" "Mozilla/5.0 (Macintosh; Intel Mac OS X 10_10_3) AppleWebKit/537.36 (KHTML, like Gecko) Chrome/51.0.2704.103 Safari/537.36"
::1 - - [Sat, 06 Aug 2016 02:45:01 GMT] "POST /post HTTP/1.1" 302 46 "http://localhost:5678/post" "Mozilla/5.0 (Macintosh; Intel Mac OS X 10_10_3) AppleWebKit/537.36 (KHTML, like Gecko) Chrome/51.0.2704.103 Safari/537.36"
::1 - - [Sat, 06 Aug 2016 02:45:01 GMT] "GET / HTTP/1.1" 200 1571 "http://localhost:5678/post" "Mozilla/5.0 (Macintosh; Intel Mac OS X 10_10_3) AppleWebKit/537.36 (KHTML, like Gecko) Chrome/51.0.2704.103 Safari/537.36"
::1 - - [Sat, 06 Aug 2016 02:45:01 GMT] "GET /css/bootstrap.css HTTP/1.1" 304 - "http://localhost:5678/" "Mozilla/5.0 (Macintosh; Intel Mac OS X 10_10_3) AppleWebKit/537.36 (KHTML, like Gecko) Chrome/51.0.2704.103 Safari/537.36"
::1 - - [Sat, 06 Aug 2016 02:45:06 GMT] "GET /tags/sdf HTTP/1.1" 200 1172 "http://localhost:5678/" "Mozilla/5.0 (Macintosh; Intel Mac OS X 10_10_3) AppleWebKit/537.36 (KHTML, like Gecko) Chrome/51.0.2704.103 Safari/537.36"
::1 - - [Sat, 06 Aug 2016 02:45:06 GMT] "GET /css/bootstrap.css HTTP/1.1" 304 - "http://localhost:5678/tags/sdf" "Mozilla/5.0 (Macintosh; Intel Mac OS X 10_10_3) AppleWebKit/537.36 (KHTML, like Gecko) Chrome/51.0.2704.103 Safari/537.36"
::1 - - [Sat, 06 Aug 2016 02:45:09 GMT] "GET /tags HTTP/1.1" 200 1118 "http://localhost:5678/tags/sdf" "Mozilla/5.0 (Macintosh; Intel Mac OS X 10_10_3) AppleWebKit/537.36 (KHTML, like Gecko) Chrome/51.0.2704.103 Safari/537.36"
::1 - - [Sat, 06 Aug 2016 02:45:09 GMT] "GET /css/bootstrap.css HTTP/1.1" 304 - "http://localhost:5678/tags" "Mozilla/5.0 (Macintosh; Intel Mac OS X 10_10_3) AppleWebKit/537.36 (KHTML, like Gecko) Chrome/51.0.2704.103 Safari/537.36"
::1 - - [Sat, 06 Aug 2016 02:45:10 GMT] "GET /tags/sdf HTTP/1.1" 304 - "http://localhost:5678/tags" "Mozilla/5.0 (Macintosh; Intel Mac OS X 10_10_3) AppleWebKit/537.36 (KHTML, like Gecko) Chrome/51.0.2704.103 Safari/537.36"
::1 - - [Sat, 06 Aug 2016 02:45:10 GMT] "GET /css/bootstrap.css HTTP/1.1" 304 - "http://localhost:5678/tags/sdf" "Mozilla/5.0 (Macintosh; Intel Mac OS X 10_10_3) AppleWebKit/537.36 (KHTML, like Gecko) Chrome/51.0.2704.103 Safari/537.36"
::1 - - [Sat, 06 Aug 2016 02:45:12 GMT] "GET /blog/kirin0918/2016-8-6/sf HTTP/1.1" 200 1970 "http://localhost:5678/tags/sdf" "Mozilla/5.0 (Macintosh; Intel Mac OS X 10_10_3) AppleWebKit/537.36 (KHTML, like Gecko) Chrome/51.0.2704.103 Safari/537.36"
::1 - - [Sat, 06 Aug 2016 02:45:12 GMT] "GET /css/bootstrap.css HTTP/1.1" 304 - "http://localhost:5678/blog/kirin0918/2016-8-6/sf" "Mozilla/5.0 (Macintosh; Intel Mac OS X 10_10_3) AppleWebKit/537.36 (KHTML, like Gecko) Chrome/51.0.2704.103 Safari/537.36"
::1 - - [Sat, 06 Aug 2016 02:45:15 GMT] "GET /edit/kirin0918/2016-8-6/sf HTTP/1.1" 200 1522 "http://localhost:5678/blog/kirin0918/2016-8-6/sf" "Mozilla/5.0 (Macintosh; Intel Mac OS X 10_10_3) AppleWebKit/537.36 (KHTML, like Gecko) Chrome/51.0.2704.103 Safari/537.36"
::1 - - [Sat, 06 Aug 2016 02:45:15 GMT] "GET /css/bootstrap.css HTTP/1.1" 304 - "http://localhost:5678/edit/kirin0918/2016-8-6/sf" "Mozilla/5.0 (Macintosh; Intel Mac OS X 10_10_3) AppleWebKit/537.36 (KHTML, like Gecko) Chrome/51.0.2704.103 Safari/537.36"
::1 - - [Sat, 06 Aug 2016 02:45:27 GMT] "POST /edit/kirin0918/2016-8-6/sf HTTP/1.1" 302 98 "http://localhost:5678/edit/kirin0918/2016-8-6/sf" "Mozilla/5.0 (Macintosh; Intel Mac OS X 10_10_3) AppleWebKit/537.36 (KHTML, like Gecko) Chrome/51.0.2704.103 Safari/537.36"
::1 - - [Sat, 06 Aug 2016 02:45:27 GMT] "GET /blog/kirin0918/2016-8-6/sf HTTP/1.1" 200 2001 "http://localhost:5678/edit/kirin0918/2016-8-6/sf" "Mozilla/5.0 (Macintosh; Intel Mac OS X 10_10_3) AppleWebKit/537.36 (KHTML, like Gecko) Chrome/51.0.2704.103 Safari/537.36"
::1 - - [Sat, 06 Aug 2016 02:45:27 GMT] "GET /css/bootstrap.css HTTP/1.1" 304 - "http://localhost:5678/blog/kirin0918/2016-8-6/sf" "Mozilla/5.0 (Macintosh; Intel Mac OS X 10_10_3) AppleWebKit/537.36 (KHTML, like Gecko) Chrome/51.0.2704.103 Safari/537.36"
::1 - - [Sat, 06 Aug 2016 02:45:42 GMT] "GET /logout HTTP/1.1" 302 46 "http://localhost:5678/blog/kirin0918/2016-8-6/sf" "Mozilla/5.0 (Macintosh; Intel Mac OS X 10_10_3) AppleWebKit/537.36 (KHTML, like Gecko) Chrome/51.0.2704.103 Safari/537.36"
::1 - - [Sat, 06 Aug 2016 02:45:42 GMT] "GET / HTTP/1.1" 200 1506 "http://localhost:5678/blog/kirin0918/2016-8-6/sf" "Mozilla/5.0 (Macintosh; Intel Mac OS X 10_10_3) AppleWebKit/537.36 (KHTML, like Gecko) Chrome/51.0.2704.103 Safari/537.36"
::1 - - [Sat, 06 Aug 2016 02:45:42 GMT] "GET /css/bootstrap.css HTTP/1.1" 304 - "http://localhost:5678/" "Mozilla/5.0 (Macintosh; Intel Mac OS X 10_10_3) AppleWebKit/537.36 (KHTML, like Gecko) Chrome/51.0.2704.103 Safari/537.36"
::1 - - [Sat, 06 Aug 2016 02:45:45 GMT] "GET /login HTTP/1.1" 200 1342 "http://localhost:5678/" "Mozilla/5.0 (Macintosh; Intel Mac OS X 10_10_3) AppleWebKit/537.36 (KHTML, like Gecko) Chrome/51.0.2704.103 Safari/537.36"
::1 - - [Sat, 06 Aug 2016 02:45:45 GMT] "GET /css/bootstrap.css HTTP/1.1" 304 - "http://localhost:5678/login" "Mozilla/5.0 (Macintosh; Intel Mac OS X 10_10_3) AppleWebKit/537.36 (KHTML, like Gecko) Chrome/51.0.2704.103 Safari/537.36"
::1 - - [Sat, 06 Aug 2016 02:45:51 GMT] "POST /login HTTP/1.1" 302 46 "http://localhost:5678/login" "Mozilla/5.0 (Macintosh; Intel Mac OS X 10_10_3) AppleWebKit/537.36 (KHTML, like Gecko) Chrome/51.0.2704.103 Safari/537.36"
::1 - - [Sat, 06 Aug 2016 02:45:51 GMT] "GET / HTTP/1.1" 200 1572 "http://localhost:5678/login" "Mozilla/5.0 (Macintosh; Intel Mac OS X 10_10_3) AppleWebKit/537.36 (KHTML, like Gecko) Chrome/51.0.2704.103 Safari/537.36"
::1 - - [Sat, 06 Aug 2016 02:45:51 GMT] "GET /css/bootstrap.css HTTP/1.1" 304 - "http://localhost:5678/" "Mozilla/5.0 (Macintosh; Intel Mac OS X 10_10_3) AppleWebKit/537.36 (KHTML, like Gecko) Chrome/51.0.2704.103 Safari/537.36"
::1 - - [Sat, 06 Aug 2016 02:45:54 GMT] "GET /blog/kirin0918/2016-8-6/sf HTTP/1.1" 200 1887 "http://localhost:5678/" "Mozilla/5.0 (Macintosh; Intel Mac OS X 10_10_3) AppleWebKit/537.36 (KHTML, like Gecko) Chrome/51.0.2704.103 Safari/537.36"
::1 - - [Sat, 06 Aug 2016 02:45:54 GMT] "GET /css/bootstrap.css HTTP/1.1" 304 - "http://localhost:5678/blog/kirin0918/2016-8-6/sf" "Mozilla/5.0 (Macintosh; Intel Mac OS X 10_10_3) AppleWebKit/537.36 (KHTML, like Gecko) Chrome/51.0.2704.103 Safari/537.36"
::1 - - [Sat, 06 Aug 2016 02:57:02 GMT] "GET / HTTP/1.1" 200 1544 "http://localhost:5678/login" "Mozilla/5.0 (Macintosh; Intel Mac OS X 10_10_3) AppleWebKit/537.36 (KHTML, like Gecko) Chrome/51.0.2704.103 Safari/537.36"
::1 - - [Sat, 06 Aug 2016 02:57:02 GMT] "GET /css/bootstrap.css HTTP/1.1" 304 - "http://localhost:5678/" "Mozilla/5.0 (Macintosh; Intel Mac OS X 10_10_3) AppleWebKit/537.36 (KHTML, like Gecko) Chrome/51.0.2704.103 Safari/537.36"
::1 - - [Sat, 06 Aug 2016 02:57:11 GMT] "GET /blog/kirin0918/2016-8-6/sf HTTP/1.1" 200 1887 "http://localhost:5678/" "Mozilla/5.0 (Macintosh; Intel Mac OS X 10_10_3) AppleWebKit/537.36 (KHTML, like Gecko) Chrome/51.0.2704.103 Safari/537.36"
::1 - - [Sat, 06 Aug 2016 02:57:11 GMT] "GET /css/bootstrap.css HTTP/1.1" 304 - "http://localhost:5678/blog/kirin0918/2016-8-6/sf" "Mozilla/5.0 (Macintosh; Intel Mac OS X 10_10_3) AppleWebKit/537.36 (KHTML, like Gecko) Chrome/51.0.2704.103 Safari/537.36"
::1 - - [Sat, 06 Aug 2016 02:58:01 GMT] "GET / HTTP/1.1" 200 1544 "-" "Mozilla/5.0 (Macintosh; Intel Mac OS X 10_10_3) AppleWebKit/537.36 (KHTML, like Gecko) Chrome/51.0.2704.103 Safari/537.36"
::1 - - [Sat, 06 Aug 2016 02:58:01 GMT] "GET /css/bootstrap.css HTTP/1.1" 304 - "http://localhost:5678/" "Mozilla/5.0 (Macintosh; Intel Mac OS X 10_10_3) AppleWebKit/537.36 (KHTML, like Gecko) Chrome/51.0.2704.103 Safari/537.36"
::1 - - [Sat, 06 Aug 2016 02:58:16 GMT] "GET /search?keyword=sf HTTP/1.1" 200 1189 "http://localhost:5678/" "Mozilla/5.0 (Macintosh; Intel Mac OS X 10_10_3) AppleWebKit/537.36 (KHTML, like Gecko) Chrome/51.0.2704.103 Safari/537.36"
::1 - - [Sat, 06 Aug 2016 02:58:16 GMT] "GET /css/bootstrap.css HTTP/1.1" 304 - "http://localhost:5678/search?keyword=sf" "Mozilla/5.0 (Macintosh; Intel Mac OS X 10_10_3) AppleWebKit/537.36 (KHTML, like Gecko) Chrome/51.0.2704.103 Safari/537.36"
::1 - - [Sat, 06 Aug 2016 02:58:20 GMT] "GET /upload HTTP/1.1" 200 1273 "http://localhost:5678/search?keyword=sf" "Mozilla/5.0 (Macintosh; Intel Mac OS X 10_10_3) AppleWebKit/537.36 (KHTML, like Gecko) Chrome/51.0.2704.103 Safari/537.36"
::1 - - [Sat, 06 Aug 2016 02:58:20 GMT] "GET /css/bootstrap.css HTTP/1.1" 304 - "http://localhost:5678/upload" "Mozilla/5.0 (Macintosh; Intel Mac OS X 10_10_3) AppleWebKit/537.36 (KHTML, like Gecko) Chrome/51.0.2704.103 Safari/537.36"
::1 - - [Sat, 06 Aug 2016 02:59:49 GMT] "GET /upload HTTP/1.1" 200 1174 "http://localhost:5678/search?keyword=sf" "Mozilla/5.0 (Macintosh; Intel Mac OS X 10_10_3) AppleWebKit/537.36 (KHTML, like Gecko) Chrome/51.0.2704.103 Safari/537.36"
::1 - - [Sat, 06 Aug 2016 02:59:49 GMT] "GET /css/bootstrap.css HTTP/1.1" 304 - "http://localhost:5678/upload" "Mozilla/5.0 (Macintosh; Intel Mac OS X 10_10_3) AppleWebKit/537.36 (KHTML, like Gecko) Chrome/51.0.2704.103 Safari/537.36"
::1 - - [Sat, 06 Aug 2016 03:00:05 GMT] "POST /upload HTTP/1.1" 302 58 "http://localhost:5678/upload" "Mozilla/5.0 (Macintosh; Intel Mac OS X 10_10_3) AppleWebKit/537.36 (KHTML, like Gecko) Chrome/51.0.2704.103 Safari/537.36"
::1 - - [Sat, 06 Aug 2016 03:00:05 GMT] "GET /upload HTTP/1.1" 200 1208 "http://localhost:5678/upload" "Mozilla/5.0 (Macintosh; Intel Mac OS X 10_10_3) AppleWebKit/537.36 (KHTML, like Gecko) Chrome/51.0.2704.103 Safari/537.36"
::1 - - [Sat, 06 Aug 2016 03:00:05 GMT] "GET /css/bootstrap.css HTTP/1.1" 304 - "http://localhost:5678/upload" "Mozilla/5.0 (Macintosh; Intel Mac OS X 10_10_3) AppleWebKit/537.36 (KHTML, like Gecko) Chrome/51.0.2704.103 Safari/537.36"
::1 - - [Sat, 06 Aug 2016 03:00:23 GMT] "GET /archive HTTP/1.1" 200 1229 "http://localhost:5678/upload" "Mozilla/5.0 (Macintosh; Intel Mac OS X 10_10_3) AppleWebKit/537.36 (KHTML, like Gecko) Chrome/51.0.2704.103 Safari/537.36"
::1 - - [Sat, 06 Aug 2016 03:00:24 GMT] "GET /css/bootstrap.css HTTP/1.1" 304 - "http://localhost:5678/archive" "Mozilla/5.0 (Macintosh; Intel Mac OS X 10_10_3) AppleWebKit/537.36 (KHTML, like Gecko) Chrome/51.0.2704.103 Safari/537.36"
::1 - - [Sat, 06 Aug 2016 03:00:25 GMT] "GET /blog/kirin0918/2016-8-6/sf HTTP/1.1" 200 1887 "http://localhost:5678/archive" "Mozilla/5.0 (Macintosh; Intel Mac OS X 10_10_3) AppleWebKit/537.36 (KHTML, like Gecko) Chrome/51.0.2704.103 Safari/537.36"
::1 - - [Sat, 06 Aug 2016 03:00:25 GMT] "GET /css/bootstrap.css HTTP/1.1" 304 - "http://localhost:5678/blog/kirin0918/2016-8-6/sf" "Mozilla/5.0 (Macintosh; Intel Mac OS X 10_10_3) AppleWebKit/537.36 (KHTML, like Gecko) Chrome/51.0.2704.103 Safari/537.36"
::1 - - [Sat, 06 Aug 2016 03:08:10 GMT] "GET /blog/kirin0918/2016-8-6/sf HTTP/1.1" 200 1887 "http://localhost:5678/archive" "Mozilla/5.0 (Macintosh; Intel Mac OS X 10_10_3) AppleWebKit/537.36 (KHTML, like Gecko) Chrome/51.0.2704.103 Safari/537.36"
::1 - - [Sat, 06 Aug 2016 03:08:10 GMT] "GET /css/bootstrap.css HTTP/1.1" 304 - "http://localhost:5678/blog/kirin0918/2016-8-6/sf" "Mozilla/5.0 (Macintosh; Intel Mac OS X 10_10_3) AppleWebKit/537.36 (KHTML, like Gecko) Chrome/51.0.2704.103 Safari/537.36"
::1 - - [Sat, 06 Aug 2016 03:08:12 GMT] "GET /blog/kirin0918/2016-8-6/sf HTTP/1.1" 200 1887 "http://localhost:5678/archive" "Mozilla/5.0 (Macintosh; Intel Mac OS X 10_10_3) AppleWebKit/537.36 (KHTML, like Gecko) Chrome/51.0.2704.103 Safari/537.36"
::1 - - [Sat, 06 Aug 2016 03:08:12 GMT] "GET /css/bootstrap.css HTTP/1.1" 304 - "http://localhost:5678/blog/kirin0918/2016-8-6/sf" "Mozilla/5.0 (Macintosh; Intel Mac OS X 10_10_3) AppleWebKit/537.36 (KHTML, like Gecko) Chrome/51.0.2704.103 Safari/537.36"
::1 - - [Sat, 06 Aug 2016 03:08:13 GMT] "GET /reprint/kirin0918/2016-8-6/sf HTTP/1.1" 302 130 "http://localhost:5678/blog/kirin0918/2016-8-6/sf" "Mozilla/5.0 (Macintosh; Intel Mac OS X 10_10_3) AppleWebKit/537.36 (KHTML, like Gecko) Chrome/51.0.2704.103 Safari/537.36"
::1 - - [Sat, 06 Aug 2016 03:08:13 GMT] "GET /u/test/2016-8-6/%5B%E8%BD%AC%E8%BD%BD%5Dsf HTTP/1.1" 200 132 "http://localhost:5678/blog/kirin0918/2016-8-6/sf" "Mozilla/5.0 (Macintosh; Intel Mac OS X 10_10_3) AppleWebKit/537.36 (KHTML, like Gecko) Chrome/51.0.2704.103 Safari/537.36"
::1 - - [Sat, 06 Aug 2016 03:08:50 GMT] "GET /blog/kirin0918/2016-8-6/sf HTTP/1.1" 200 1886 "http://localhost:5678/archive" "Mozilla/5.0 (Macintosh; Intel Mac OS X 10_10_3) AppleWebKit/537.36 (KHTML, like Gecko) Chrome/51.0.2704.103 Safari/537.36"
::1 - - [Sat, 06 Aug 2016 03:08:50 GMT] "GET /css/bootstrap.css HTTP/1.1" 304 - "http://localhost:5678/blog/kirin0918/2016-8-6/sf" "Mozilla/5.0 (Macintosh; Intel Mac OS X 10_10_3) AppleWebKit/537.36 (KHTML, like Gecko) Chrome/51.0.2704.103 Safari/537.36"
::1 - - [Sat, 06 Aug 2016 03:08:56 GMT] "GET /blog/kirin0918 HTTP/1.1" 200 1684 "http://localhost:5678/blog/kirin0918/2016-8-6/sf" "Mozilla/5.0 (Macintosh; Intel Mac OS X 10_10_3) AppleWebKit/537.36 (KHTML, like Gecko) Chrome/51.0.2704.103 Safari/537.36"
::1 - - [Sat, 06 Aug 2016 03:08:56 GMT] "GET /css/bootstrap.css HTTP/1.1" 304 - "http://localhost:5678/blog/kirin0918" "Mozilla/5.0 (Macintosh; Intel Mac OS X 10_10_3) AppleWebKit/537.36 (KHTML, like Gecko) Chrome/51.0.2704.103 Safari/537.36"
::1 - - [Sat, 06 Aug 2016 03:09:00 GMT] "GET /blog/kirin0918/2016-8-6/sf HTTP/1.1" 200 1858 "http://localhost:5678/blog/kirin0918" "Mozilla/5.0 (Macintosh; Intel Mac OS X 10_10_3) AppleWebKit/537.36 (KHTML, like Gecko) Chrome/51.0.2704.103 Safari/537.36"
::1 - - [Sat, 06 Aug 2016 03:09:00 GMT] "GET /css/bootstrap.css HTTP/1.1" 304 - "http://localhost:5678/blog/kirin0918/2016-8-6/sf" "Mozilla/5.0 (Macintosh; Intel Mac OS X 10_10_3) AppleWebKit/537.36 (KHTML, like Gecko) Chrome/51.0.2704.103 Safari/537.36"
::1 - - [Sat, 06 Aug 2016 03:09:11 GMT] "POST /blog/kirin0918/2016-8-6/sf HTTP/1.1" 302 140 "http://localhost:5678/blog/kirin0918/2016-8-6/sf" "Mozilla/5.0 (Macintosh; Intel Mac OS X 10_10_3) AppleWebKit/537.36 (KHTML, like Gecko) Chrome/51.0.2704.103 Safari/537.36"
::1 - - [Sat, 06 Aug 2016 03:09:11 GMT] "GET /blog/kirin0918/2016-8-6/sf HTTP/1.1" 200 2249 "http://localhost:5678/blog/kirin0918/2016-8-6/sf" "Mozilla/5.0 (Macintosh; Intel Mac OS X 10_10_3) AppleWebKit/537.36 (KHTML, like Gecko) Chrome/51.0.2704.103 Safari/537.36"
::1 - - [Sat, 06 Aug 2016 03:09:11 GMT] "GET /css/bootstrap.css HTTP/1.1" 304 - "http://localhost:5678/blog/kirin0918/2016-8-6/sf" "Mozilla/5.0 (Macintosh; Intel Mac OS X 10_10_3) AppleWebKit/537.36 (KHTML, like Gecko) Chrome/51.0.2704.103 Safari/537.36"
::1 - - [Sat, 06 Aug 2016 03:09:19 GMT] "GET / HTTP/1.1" 200 2042 "http://localhost:5678/blog/kirin0918/2016-8-6/sf" "Mozilla/5.0 (Macintosh; Intel Mac OS X 10_10_3) AppleWebKit/537.36 (KHTML, like Gecko) Chrome/51.0.2704.103 Safari/537.36"
::1 - - [Sat, 06 Aug 2016 03:09:19 GMT] "GET /css/bootstrap.css HTTP/1.1" 304 - "http://localhost:5678/" "Mozilla/5.0 (Macintosh; Intel Mac OS X 10_10_3) AppleWebKit/537.36 (KHTML, like Gecko) Chrome/51.0.2704.103 Safari/537.36"
::1 - - [Sat, 06 Aug 2016 03:09:29 GMT] "GET /blog/kirin0918/2016-8-6/sf HTTP/1.1" 200 2220 "http://localhost:5678/" "Mozilla/5.0 (Macintosh; Intel Mac OS X 10_10_3) AppleWebKit/537.36 (KHTML, like Gecko) Chrome/51.0.2704.103 Safari/537.36"
::1 - - [Sat, 06 Aug 2016 03:09:29 GMT] "GET /css/bootstrap.css HTTP/1.1" 304 - "http://localhost:5678/blog/kirin0918/2016-8-6/sf" "Mozilla/5.0 (Macintosh; Intel Mac OS X 10_10_3) AppleWebKit/537.36 (KHTML, like Gecko) Chrome/51.0.2704.103 Safari/537.36"
::1 - - [Sat, 06 Aug 2016 03:10:15 GMT] "GET /blog/kirin0918/2016-8-6/sf HTTP/1.1" 200 2220 "http://localhost:5678/" "Mozilla/5.0 (Macintosh; Intel Mac OS X 10_10_3) AppleWebKit/537.36 (KHTML, like Gecko) Chrome/51.0.2704.103 Safari/537.36"
::1 - - [Sat, 06 Aug 2016 03:10:15 GMT] "GET /css/bootstrap.css HTTP/1.1" 304 - "http://localhost:5678/blog/kirin0918/2016-8-6/sf" "Mozilla/5.0 (Macintosh; Intel Mac OS X 10_10_3) AppleWebKit/537.36 (KHTML, like Gecko) Chrome/51.0.2704.103 Safari/537.36"
